2022-04-07 10:44:37,623 [INFO] from application in play-dev-mode-akka.actor.default-dispatcher-4 - ApplicationTimer demo: Starting application at 2022-04-07T08:44:37.622008Z
2022-04-07 10:44:37,666 [INFO] from play.api.http.EnabledFilters in play-dev-mode-akka.actor.default-dispatcher-4 - Enabled Filters (see <https://www.playframework.com/documentation/latest/Filters>):

    play.filters.csrf.CSRFFilter
    play.filters.headers.SecurityHeadersFilter
    play.filters.hosts.AllowedHostsFilter
    filters.ExampleFilter

2022-04-07 10:44:37,822 [INFO] from play.api.Play in play-dev-mode-akka.actor.default-dispatcher-4 - Application started (Dev) (no global state)
2022-04-07 10:53:04,209 [INFO] from application in application-akka.actor.internal-dispatcher-3 - ApplicationTimer demo: Stopping application at 2022-04-07T08:53:04.209036Z after 507s.
2022-04-07 10:53:04,529 [INFO] from application in play-dev-mode-akka.actor.default-dispatcher-10 - ApplicationTimer demo: Starting application at 2022-04-07T08:53:04.528182200Z
2022-04-07 10:53:04,535 [INFO] from play.api.http.EnabledFilters in play-dev-mode-akka.actor.default-dispatcher-10 - Enabled Filters (see <https://www.playframework.com/documentation/latest/Filters>):

    play.filters.csrf.CSRFFilter
    play.filters.headers.SecurityHeadersFilter
    play.filters.hosts.AllowedHostsFilter
    filters.ExampleFilter

2022-04-07 10:53:04,547 [INFO] from play.api.Play in play-dev-mode-akka.actor.default-dispatcher-10 - Application started (Dev) (no global state)
2022-04-07 11:42:09,941 [ERROR] from play.api.http.DefaultHttpErrorHandler in play-dev-mode-akka.actor.default-dispatcher-4 - 

! @7n91ok264 - Internal server error, for (GET) [/] ->
 
play.sbt.PlayExceptions$CompilationException: Compilation error[unknown parameter name: style]
	at play.sbt.PlayExceptions$CompilationException$.apply(PlayExceptions.scala:34)
	at play.sbt.PlayExceptions$CompilationException$.apply(PlayExceptions.scala:34)
	at scala.Option.map(Option.scala:230)
	at play.sbt.run.PlayReload$.$anonfun$taskFailureHandler$8(PlayReload.scala:131)
	at scala.Option.map(Option.scala:230)
	at play.sbt.run.PlayReload$.taskFailureHandler(PlayReload.scala:104)
	at play.sbt.run.PlayReload$.compileFailure(PlayReload.scala:38)
	at play.sbt.run.PlayReload$.$anonfun$compile$3(PlayReload.scala:156)
	at scala.util.Either$LeftProjection.map(Either.scala:573)
	at play.sbt.run.PlayReload$.compile(PlayReload.scala:156)
	at play.sbt.run.PlayRun$.$anonfun$playRunTask$4(PlayRun.scala:80)
	at play.runsupport.Reloader.$anonfun$reload$1(Reloader.scala:496)
	at play.runsupport.Reloader$$anon$1.run(Reloader.scala:57)
	at java.base/java.security.AccessController.doPrivileged(Native Method)
	at play.runsupport.Reloader$.play$runsupport$Reloader$$withReloaderContextClassLoader(Reloader.scala:63)
	at play.runsupport.Reloader.reload(Reloader.scala:496)
	at play.core.server.DevServerStart$$anon$1.get(DevServerStart.scala:147)
	at play.core.server.AkkaHttpServer.handleRequest(AkkaHttpServer.scala:302)
	at play.core.server.AkkaHttpServer.$anonfun$createServerBinding$1(AkkaHttpServer.scala:224)
	at akka.stream.impl.fusing.MapAsync$$anon$30.onPush(Ops.scala:1307)
	at akka.stream.impl.fusing.GraphInterpreter.processPush(GraphInterpreter.scala:542)
	at akka.stream.impl.fusing.GraphInterpreter.processEvent(GraphInterpreter.scala:496)
	at akka.stream.impl.fusing.GraphInterpreter.execute(GraphInterpreter.scala:390)
	at akka.stream.impl.fusing.GraphInterpreterShell.runBatch(ActorGraphInterpreter.scala:650)
	at akka.stream.impl.fusing.GraphInterpreterShell$AsyncInput.execute(ActorGraphInterpreter.scala:521)
	at akka.stream.impl.fusing.GraphInterpreterShell.processEvent(ActorGraphInterpreter.scala:625)
	at akka.stream.impl.fusing.ActorGraphInterpreter.akka$stream$impl$fusing$ActorGraphInterpreter$$processEvent(ActorGraphInterpreter.scala:800)
	at akka.stream.impl.fusing.ActorGraphInterpreter$$anonfun$receive$1.applyOrElse(ActorGraphInterpreter.scala:818)
	at akka.actor.Actor.aroundReceive(Actor.scala:537)
	at akka.actor.Actor.aroundReceive$(Actor.scala:535)
	at akka.stream.impl.fusing.ActorGraphInterpreter.aroundReceive(ActorGraphInterpreter.scala:716)
	at akka.actor.ActorCell.receiveMessage(ActorCell.scala:580)
	at akka.actor.ActorCell.invoke(ActorCell.scala:548)
	at akka.dispatch.Mailbox.processMailbox(Mailbox.scala:270)
	at akka.dispatch.Mailbox.run(Mailbox.scala:231)
	at akka.dispatch.Mailbox.exec(Mailbox.scala:243)
	at java.base/java.util.concurrent.ForkJoinTask.doExec(ForkJoinTask.java:290)
	at java.base/java.util.concurrent.ForkJoinPool$WorkQueue.topLevelExec(ForkJoinPool.java:1020)
	at java.base/java.util.concurrent.ForkJoinPool.scan(ForkJoinPool.java:1656)
	at java.base/java.util.concurrent.ForkJoinPool.runWorker(ForkJoinPool.java:1594)
	at java.base/java.util.concurrent.ForkJoinWorkerThread.run(ForkJoinWorkerThread.java:183)
2022-04-07 11:42:14,588 [ERROR] from play.api.http.DefaultHttpErrorHandler in play-dev-mode-akka.actor.default-dispatcher-34 - 

! @7n91ok94f - Internal server error, for (GET) [/] ->
 
play.sbt.PlayExceptions$CompilationException: Compilation error[unknown parameter name: style]
	at play.sbt.PlayExceptions$CompilationException$.apply(PlayExceptions.scala:34)
	at play.sbt.PlayExceptions$CompilationException$.apply(PlayExceptions.scala:34)
	at scala.Option.map(Option.scala:230)
	at play.sbt.run.PlayReload$.$anonfun$taskFailureHandler$8(PlayReload.scala:131)
	at scala.Option.map(Option.scala:230)
	at play.sbt.run.PlayReload$.taskFailureHandler(PlayReload.scala:104)
	at play.sbt.run.PlayReload$.compileFailure(PlayReload.scala:38)
	at play.sbt.run.PlayReload$.$anonfun$compile$3(PlayReload.scala:156)
	at scala.util.Either$LeftProjection.map(Either.scala:573)
	at play.sbt.run.PlayReload$.compile(PlayReload.scala:156)
	at play.sbt.run.PlayRun$.$anonfun$playRunTask$4(PlayRun.scala:80)
	at play.runsupport.Reloader.$anonfun$reload$1(Reloader.scala:496)
	at play.runsupport.Reloader$$anon$1.run(Reloader.scala:57)
	at java.base/java.security.AccessController.doPrivileged(Native Method)
	at play.runsupport.Reloader$.play$runsupport$Reloader$$withReloaderContextClassLoader(Reloader.scala:63)
	at play.runsupport.Reloader.reload(Reloader.scala:496)
	at play.core.server.DevServerStart$$anon$1.get(DevServerStart.scala:147)
	at play.core.server.AkkaHttpServer.handleRequest(AkkaHttpServer.scala:302)
	at play.core.server.AkkaHttpServer.$anonfun$createServerBinding$1(AkkaHttpServer.scala:224)
	at akka.stream.impl.fusing.MapAsync$$anon$30.onPush(Ops.scala:1307)
	at akka.stream.impl.fusing.GraphInterpreter.processPush(GraphInterpreter.scala:542)
	at akka.stream.impl.fusing.GraphInterpreter.processEvent(GraphInterpreter.scala:496)
	at akka.stream.impl.fusing.GraphInterpreter.execute(GraphInterpreter.scala:390)
	at akka.stream.impl.fusing.GraphInterpreterShell.runBatch(ActorGraphInterpreter.scala:650)
	at akka.stream.impl.fusing.GraphInterpreterShell$AsyncInput.execute(ActorGraphInterpreter.scala:521)
	at akka.stream.impl.fusing.GraphInterpreterShell.processEvent(ActorGraphInterpreter.scala:625)
	at akka.stream.impl.fusing.ActorGraphInterpreter.akka$stream$impl$fusing$ActorGraphInterpreter$$processEvent(ActorGraphInterpreter.scala:800)
	at akka.stream.impl.fusing.ActorGraphInterpreter$$anonfun$receive$1.applyOrElse(ActorGraphInterpreter.scala:818)
	at akka.actor.Actor.aroundReceive(Actor.scala:537)
	at akka.actor.Actor.aroundReceive$(Actor.scala:535)
	at akka.stream.impl.fusing.ActorGraphInterpreter.aroundReceive(ActorGraphInterpreter.scala:716)
	at akka.actor.ActorCell.receiveMessage(ActorCell.scala:580)
	at akka.actor.ActorCell.invoke(ActorCell.scala:548)
	at akka.dispatch.Mailbox.processMailbox(Mailbox.scala:270)
	at akka.dispatch.Mailbox.run(Mailbox.scala:231)
	at akka.dispatch.Mailbox.exec(Mailbox.scala:243)
	at java.base/java.util.concurrent.ForkJoinTask.doExec(ForkJoinTask.java:290)
	at java.base/java.util.concurrent.ForkJoinPool$WorkQueue.topLevelExec(ForkJoinPool.java:1020)
	at java.base/java.util.concurrent.ForkJoinPool.scan(ForkJoinPool.java:1656)
	at java.base/java.util.concurrent.ForkJoinPool.runWorker(ForkJoinPool.java:1594)
	at java.base/java.util.concurrent.ForkJoinWorkerThread.run(ForkJoinWorkerThread.java:183)
2022-04-07 11:42:18,369 [INFO] from application in application-akka.actor.internal-dispatcher-3 - ApplicationTimer demo: Stopping application at 2022-04-07T09:42:18.365088100Z after 2954s.
2022-04-07 11:42:18,655 [INFO] from application in play-dev-mode-akka.actor.default-dispatcher-34 - ApplicationTimer demo: Starting application at 2022-04-07T09:42:18.653317600Z
2022-04-07 11:42:18,664 [INFO] from play.api.http.EnabledFilters in play-dev-mode-akka.actor.default-dispatcher-34 - Enabled Filters (see <https://www.playframework.com/documentation/latest/Filters>):

    play.filters.csrf.CSRFFilter
    play.filters.headers.SecurityHeadersFilter
    play.filters.hosts.AllowedHostsFilter
    filters.ExampleFilter

2022-04-07 11:42:18,672 [INFO] from play.api.Play in play-dev-mode-akka.actor.default-dispatcher-34 - Application started (Dev) (no global state)
2022-04-07 14:16:23,807 [INFO] from application in application-akka.actor.internal-dispatcher-3 - ApplicationTimer demo: Stopping application at 2022-04-07T12:16:23.804826900Z after 9245s.
2022-04-07 14:16:24,017 [INFO] from application in play-dev-mode-akka.actor.default-dispatcher-73 - ApplicationTimer demo: Starting application at 2022-04-07T12:16:24.016296100Z
2022-04-07 14:16:24,029 [INFO] from play.api.http.EnabledFilters in play-dev-mode-akka.actor.default-dispatcher-73 - Enabled Filters (see <https://www.playframework.com/documentation/latest/Filters>):

    play.filters.csrf.CSRFFilter
    play.filters.headers.SecurityHeadersFilter
    play.filters.hosts.AllowedHostsFilter
    filters.ExampleFilter

2022-04-07 14:16:24,040 [INFO] from play.api.Play in play-dev-mode-akka.actor.default-dispatcher-73 - Application started (Dev) (no global state)
2022-04-07 14:17:28,935 [INFO] from application in application-akka.actor.internal-dispatcher-3 - ApplicationTimer demo: Stopping application at 2022-04-07T12:17:28.934829200Z after 64s.
2022-04-07 14:17:29,161 [INFO] from application in play-dev-mode-akka.actor.default-dispatcher-79 - ApplicationTimer demo: Starting application at 2022-04-07T12:17:29.158745300Z
2022-04-07 14:17:29,168 [INFO] from play.api.http.EnabledFilters in play-dev-mode-akka.actor.default-dispatcher-79 - Enabled Filters (see <https://www.playframework.com/documentation/latest/Filters>):

    play.filters.csrf.CSRFFilter
    play.filters.headers.SecurityHeadersFilter
    play.filters.hosts.AllowedHostsFilter
    filters.ExampleFilter

2022-04-07 14:17:29,175 [INFO] from play.api.Play in play-dev-mode-akka.actor.default-dispatcher-79 - Application started (Dev) (no global state)
2022-04-07 14:20:06,067 [ERROR] from play.api.http.DefaultHttpErrorHandler in play-dev-mode-akka.actor.default-dispatcher-79 - 

! @7n92jd65d - Internal server error, for (GET) [/] ->
 
play.sbt.PlayExceptions$CompilationException: Compilation error[not found: value oppgaven]
	at play.sbt.PlayExceptions$CompilationException$.apply(PlayExceptions.scala:34)
	at play.sbt.PlayExceptions$CompilationException$.apply(PlayExceptions.scala:34)
	at scala.Option.map(Option.scala:230)
	at play.sbt.run.PlayReload$.$anonfun$taskFailureHandler$8(PlayReload.scala:131)
	at scala.Option.map(Option.scala:230)
	at play.sbt.run.PlayReload$.taskFailureHandler(PlayReload.scala:104)
	at play.sbt.run.PlayReload$.compileFailure(PlayReload.scala:38)
	at play.sbt.run.PlayReload$.$anonfun$compile$3(PlayReload.scala:156)
	at scala.util.Either$LeftProjection.map(Either.scala:573)
	at play.sbt.run.PlayReload$.compile(PlayReload.scala:156)
	at play.sbt.run.PlayRun$.$anonfun$playRunTask$4(PlayRun.scala:80)
	at play.runsupport.Reloader.$anonfun$reload$1(Reloader.scala:496)
	at play.runsupport.Reloader$$anon$1.run(Reloader.scala:57)
	at java.base/java.security.AccessController.doPrivileged(Native Method)
	at play.runsupport.Reloader$.play$runsupport$Reloader$$withReloaderContextClassLoader(Reloader.scala:63)
	at play.runsupport.Reloader.reload(Reloader.scala:496)
	at play.core.server.DevServerStart$$anon$1.get(DevServerStart.scala:147)
	at play.core.server.AkkaHttpServer.handleRequest(AkkaHttpServer.scala:302)
	at play.core.server.AkkaHttpServer.$anonfun$createServerBinding$1(AkkaHttpServer.scala:224)
	at akka.stream.impl.fusing.MapAsync$$anon$30.onPush(Ops.scala:1307)
	at akka.stream.impl.fusing.GraphInterpreter.processPush(GraphInterpreter.scala:542)
	at akka.stream.impl.fusing.GraphInterpreter.processEvent(GraphInterpreter.scala:496)
	at akka.stream.impl.fusing.GraphInterpreter.execute(GraphInterpreter.scala:390)
	at akka.stream.impl.fusing.GraphInterpreterShell.runBatch(ActorGraphInterpreter.scala:650)
	at akka.stream.impl.fusing.GraphInterpreterShell$AsyncInput.execute(ActorGraphInterpreter.scala:521)
	at akka.stream.impl.fusing.GraphInterpreterShell.processEvent(ActorGraphInterpreter.scala:625)
	at akka.stream.impl.fusing.ActorGraphInterpreter.akka$stream$impl$fusing$ActorGraphInterpreter$$processEvent(ActorGraphInterpreter.scala:800)
	at akka.stream.impl.fusing.ActorGraphInterpreter$$anonfun$receive$1.applyOrElse(ActorGraphInterpreter.scala:818)
	at akka.actor.Actor.aroundReceive(Actor.scala:537)
	at akka.actor.Actor.aroundReceive$(Actor.scala:535)
	at akka.stream.impl.fusing.ActorGraphInterpreter.aroundReceive(ActorGraphInterpreter.scala:716)
	at akka.actor.ActorCell.receiveMessage(ActorCell.scala:580)
	at akka.actor.ActorCell.invoke(ActorCell.scala:548)
	at akka.dispatch.Mailbox.processMailbox(Mailbox.scala:270)
	at akka.dispatch.Mailbox.run(Mailbox.scala:231)
	at akka.dispatch.Mailbox.exec(Mailbox.scala:243)
	at java.base/java.util.concurrent.ForkJoinTask.doExec(ForkJoinTask.java:290)
	at java.base/java.util.concurrent.ForkJoinPool$WorkQueue.topLevelExec(ForkJoinPool.java:1020)
	at java.base/java.util.concurrent.ForkJoinPool.scan(ForkJoinPool.java:1656)
	at java.base/java.util.concurrent.ForkJoinPool.runWorker(ForkJoinPool.java:1594)
	at java.base/java.util.concurrent.ForkJoinWorkerThread.run(ForkJoinWorkerThread.java:183)
2022-04-07 14:20:06,822 [ERROR] from play.api.http.DefaultHttpErrorHandler in play-dev-mode-akka.actor.default-dispatcher-75 - 

! @7n92jd797 - Internal server error, for (GET) [/] ->
 
play.sbt.PlayExceptions$CompilationException: Compilation error[not found: value oppgaven]
	at play.sbt.PlayExceptions$CompilationException$.apply(PlayExceptions.scala:34)
	at play.sbt.PlayExceptions$CompilationException$.apply(PlayExceptions.scala:34)
	at scala.Option.map(Option.scala:230)
	at play.sbt.run.PlayReload$.$anonfun$taskFailureHandler$8(PlayReload.scala:131)
	at scala.Option.map(Option.scala:230)
	at play.sbt.run.PlayReload$.taskFailureHandler(PlayReload.scala:104)
	at play.sbt.run.PlayReload$.compileFailure(PlayReload.scala:38)
	at play.sbt.run.PlayReload$.$anonfun$compile$3(PlayReload.scala:156)
	at scala.util.Either$LeftProjection.map(Either.scala:573)
	at play.sbt.run.PlayReload$.compile(PlayReload.scala:156)
	at play.sbt.run.PlayRun$.$anonfun$playRunTask$4(PlayRun.scala:80)
	at play.runsupport.Reloader.$anonfun$reload$1(Reloader.scala:496)
	at play.runsupport.Reloader$$anon$1.run(Reloader.scala:57)
	at java.base/java.security.AccessController.doPrivileged(Native Method)
	at play.runsupport.Reloader$.play$runsupport$Reloader$$withReloaderContextClassLoader(Reloader.scala:63)
	at play.runsupport.Reloader.reload(Reloader.scala:496)
	at play.core.server.DevServerStart$$anon$1.get(DevServerStart.scala:147)
	at play.core.server.AkkaHttpServer.handleRequest(AkkaHttpServer.scala:302)
	at play.core.server.AkkaHttpServer.$anonfun$createServerBinding$1(AkkaHttpServer.scala:224)
	at akka.stream.impl.fusing.MapAsync$$anon$30.onPush(Ops.scala:1307)
	at akka.stream.impl.fusing.GraphInterpreter.processPush(GraphInterpreter.scala:542)
	at akka.stream.impl.fusing.GraphInterpreter.processEvent(GraphInterpreter.scala:496)
	at akka.stream.impl.fusing.GraphInterpreter.execute(GraphInterpreter.scala:390)
	at akka.stream.impl.fusing.GraphInterpreterShell.runBatch(ActorGraphInterpreter.scala:650)
	at akka.stream.impl.fusing.GraphInterpreterShell$AsyncInput.execute(ActorGraphInterpreter.scala:521)
	at akka.stream.impl.fusing.GraphInterpreterShell.processEvent(ActorGraphInterpreter.scala:625)
	at akka.stream.impl.fusing.ActorGraphInterpreter.akka$stream$impl$fusing$ActorGraphInterpreter$$processEvent(ActorGraphInterpreter.scala:800)
	at akka.stream.impl.fusing.ActorGraphInterpreter$$anonfun$receive$1.applyOrElse(ActorGraphInterpreter.scala:818)
	at akka.actor.Actor.aroundReceive(Actor.scala:537)
	at akka.actor.Actor.aroundReceive$(Actor.scala:535)
	at akka.stream.impl.fusing.ActorGraphInterpreter.aroundReceive(ActorGraphInterpreter.scala:716)
	at akka.actor.ActorCell.receiveMessage(ActorCell.scala:580)
	at akka.actor.ActorCell.invoke(ActorCell.scala:548)
	at akka.dispatch.Mailbox.processMailbox(Mailbox.scala:270)
	at akka.dispatch.Mailbox.run(Mailbox.scala:231)
	at akka.dispatch.Mailbox.exec(Mailbox.scala:243)
	at java.base/java.util.concurrent.ForkJoinTask.doExec(ForkJoinTask.java:290)
	at java.base/java.util.concurrent.ForkJoinPool$WorkQueue.topLevelExec(ForkJoinPool.java:1020)
	at java.base/java.util.concurrent.ForkJoinPool.scan(ForkJoinPool.java:1656)
	at java.base/java.util.concurrent.ForkJoinPool.runWorker(ForkJoinPool.java:1594)
	at java.base/java.util.concurrent.ForkJoinWorkerThread.run(ForkJoinWorkerThread.java:183)
2022-04-07 14:20:11,846 [ERROR] from play.api.http.DefaultHttpErrorHandler in play-dev-mode-akka.actor.default-dispatcher-78 - 

! @7n92jdeke - Internal server error, for (GET) [/] ->
 
play.sbt.PlayExceptions$CompilationException: Compilation error[not found: value oppgaven]
	at play.sbt.PlayExceptions$CompilationException$.apply(PlayExceptions.scala:34)
	at play.sbt.PlayExceptions$CompilationException$.apply(PlayExceptions.scala:34)
	at scala.Option.map(Option.scala:230)
	at play.sbt.run.PlayReload$.$anonfun$taskFailureHandler$8(PlayReload.scala:131)
	at scala.Option.map(Option.scala:230)
	at play.sbt.run.PlayReload$.taskFailureHandler(PlayReload.scala:104)
	at play.sbt.run.PlayReload$.compileFailure(PlayReload.scala:38)
	at play.sbt.run.PlayReload$.$anonfun$compile$3(PlayReload.scala:156)
	at scala.util.Either$LeftProjection.map(Either.scala:573)
	at play.sbt.run.PlayReload$.compile(PlayReload.scala:156)
	at play.sbt.run.PlayRun$.$anonfun$playRunTask$4(PlayRun.scala:80)
	at play.runsupport.Reloader.$anonfun$reload$1(Reloader.scala:496)
	at play.runsupport.Reloader$$anon$1.run(Reloader.scala:57)
	at java.base/java.security.AccessController.doPrivileged(Native Method)
	at play.runsupport.Reloader$.play$runsupport$Reloader$$withReloaderContextClassLoader(Reloader.scala:63)
	at play.runsupport.Reloader.reload(Reloader.scala:496)
	at play.core.server.DevServerStart$$anon$1.get(DevServerStart.scala:147)
	at play.core.server.AkkaHttpServer.handleRequest(AkkaHttpServer.scala:302)
	at play.core.server.AkkaHttpServer.$anonfun$createServerBinding$1(AkkaHttpServer.scala:224)
	at akka.stream.impl.fusing.MapAsync$$anon$30.onPush(Ops.scala:1307)
	at akka.stream.impl.fusing.GraphInterpreter.processPush(GraphInterpreter.scala:542)
	at akka.stream.impl.fusing.GraphInterpreter.processEvent(GraphInterpreter.scala:496)
	at akka.stream.impl.fusing.GraphInterpreter.execute(GraphInterpreter.scala:390)
	at akka.stream.impl.fusing.GraphInterpreterShell.runBatch(ActorGraphInterpreter.scala:650)
	at akka.stream.impl.fusing.GraphInterpreterShell$AsyncInput.execute(ActorGraphInterpreter.scala:521)
	at akka.stream.impl.fusing.GraphInterpreterShell.processEvent(ActorGraphInterpreter.scala:625)
	at akka.stream.impl.fusing.ActorGraphInterpreter.akka$stream$impl$fusing$ActorGraphInterpreter$$processEvent(ActorGraphInterpreter.scala:800)
	at akka.stream.impl.fusing.ActorGraphInterpreter$$anonfun$receive$1.applyOrElse(ActorGraphInterpreter.scala:818)
	at akka.actor.Actor.aroundReceive(Actor.scala:537)
	at akka.actor.Actor.aroundReceive$(Actor.scala:535)
	at akka.stream.impl.fusing.ActorGraphInterpreter.aroundReceive(ActorGraphInterpreter.scala:716)
	at akka.actor.ActorCell.receiveMessage(ActorCell.scala:580)
	at akka.actor.ActorCell.invoke(ActorCell.scala:548)
	at akka.dispatch.Mailbox.processMailbox(Mailbox.scala:270)
	at akka.dispatch.Mailbox.run(Mailbox.scala:231)
	at akka.dispatch.Mailbox.exec(Mailbox.scala:243)
	at java.base/java.util.concurrent.ForkJoinTask.doExec(ForkJoinTask.java:290)
	at java.base/java.util.concurrent.ForkJoinPool$WorkQueue.topLevelExec(ForkJoinPool.java:1020)
	at java.base/java.util.concurrent.ForkJoinPool.scan(ForkJoinPool.java:1656)
	at java.base/java.util.concurrent.ForkJoinPool.runWorker(ForkJoinPool.java:1594)
	at java.base/java.util.concurrent.ForkJoinWorkerThread.run(ForkJoinWorkerThread.java:183)
2022-04-07 14:20:16,812 [ERROR] from play.api.http.DefaultHttpErrorHandler in play-dev-mode-akka.actor.default-dispatcher-78 - 

! @7n92jdm3e - Internal server error, for (GET) [/] ->
 
play.sbt.PlayExceptions$CompilationException: Compilation error[not found: value oppgaven]
	at play.sbt.PlayExceptions$CompilationException$.apply(PlayExceptions.scala:34)
	at play.sbt.PlayExceptions$CompilationException$.apply(PlayExceptions.scala:34)
	at scala.Option.map(Option.scala:230)
	at play.sbt.run.PlayReload$.$anonfun$taskFailureHandler$8(PlayReload.scala:131)
	at scala.Option.map(Option.scala:230)
	at play.sbt.run.PlayReload$.taskFailureHandler(PlayReload.scala:104)
	at play.sbt.run.PlayReload$.compileFailure(PlayReload.scala:38)
	at play.sbt.run.PlayReload$.$anonfun$compile$3(PlayReload.scala:156)
	at scala.util.Either$LeftProjection.map(Either.scala:573)
	at play.sbt.run.PlayReload$.compile(PlayReload.scala:156)
	at play.sbt.run.PlayRun$.$anonfun$playRunTask$4(PlayRun.scala:80)
	at play.runsupport.Reloader.$anonfun$reload$1(Reloader.scala:496)
	at play.runsupport.Reloader$$anon$1.run(Reloader.scala:57)
	at java.base/java.security.AccessController.doPrivileged(Native Method)
	at play.runsupport.Reloader$.play$runsupport$Reloader$$withReloaderContextClassLoader(Reloader.scala:63)
	at play.runsupport.Reloader.reload(Reloader.scala:496)
	at play.core.server.DevServerStart$$anon$1.get(DevServerStart.scala:147)
	at play.core.server.AkkaHttpServer.handleRequest(AkkaHttpServer.scala:302)
	at play.core.server.AkkaHttpServer.$anonfun$createServerBinding$1(AkkaHttpServer.scala:224)
	at akka.stream.impl.fusing.MapAsync$$anon$30.onPush(Ops.scala:1307)
	at akka.stream.impl.fusing.GraphInterpreter.processPush(GraphInterpreter.scala:542)
	at akka.stream.impl.fusing.GraphInterpreter.processEvent(GraphInterpreter.scala:496)
	at akka.stream.impl.fusing.GraphInterpreter.execute(GraphInterpreter.scala:390)
	at akka.stream.impl.fusing.GraphInterpreterShell.runBatch(ActorGraphInterpreter.scala:650)
	at akka.stream.impl.fusing.GraphInterpreterShell$AsyncInput.execute(ActorGraphInterpreter.scala:521)
	at akka.stream.impl.fusing.GraphInterpreterShell.processEvent(ActorGraphInterpreter.scala:625)
	at akka.stream.impl.fusing.ActorGraphInterpreter.akka$stream$impl$fusing$ActorGraphInterpreter$$processEvent(ActorGraphInterpreter.scala:800)
	at akka.stream.impl.fusing.ActorGraphInterpreter$$anonfun$receive$1.applyOrElse(ActorGraphInterpreter.scala:818)
	at akka.actor.Actor.aroundReceive(Actor.scala:537)
	at akka.actor.Actor.aroundReceive$(Actor.scala:535)
	at akka.stream.impl.fusing.ActorGraphInterpreter.aroundReceive(ActorGraphInterpreter.scala:716)
	at akka.actor.ActorCell.receiveMessage(ActorCell.scala:580)
	at akka.actor.ActorCell.invoke(ActorCell.scala:548)
	at akka.dispatch.Mailbox.processMailbox(Mailbox.scala:270)
	at akka.dispatch.Mailbox.run(Mailbox.scala:231)
	at akka.dispatch.Mailbox.exec(Mailbox.scala:243)
	at java.base/java.util.concurrent.ForkJoinTask.doExec(ForkJoinTask.java:290)
	at java.base/java.util.concurrent.ForkJoinPool$WorkQueue.topLevelExec(ForkJoinPool.java:1020)
	at java.base/java.util.concurrent.ForkJoinPool.scan(ForkJoinPool.java:1656)
	at java.base/java.util.concurrent.ForkJoinPool.runWorker(ForkJoinPool.java:1594)
	at java.base/java.util.concurrent.ForkJoinWorkerThread.run(ForkJoinWorkerThread.java:183)
2022-04-07 14:20:21,781 [ERROR] from play.api.http.DefaultHttpErrorHandler in play-dev-mode-akka.actor.default-dispatcher-73 - 

! @7n92je3ch - Internal server error, for (GET) [/] ->
 
play.sbt.PlayExceptions$CompilationException: Compilation error[not found: value oppgaven]
	at play.sbt.PlayExceptions$CompilationException$.apply(PlayExceptions.scala:34)
	at play.sbt.PlayExceptions$CompilationException$.apply(PlayExceptions.scala:34)
	at scala.Option.map(Option.scala:230)
	at play.sbt.run.PlayReload$.$anonfun$taskFailureHandler$8(PlayReload.scala:131)
	at scala.Option.map(Option.scala:230)
	at play.sbt.run.PlayReload$.taskFailureHandler(PlayReload.scala:104)
	at play.sbt.run.PlayReload$.compileFailure(PlayReload.scala:38)
	at play.sbt.run.PlayReload$.$anonfun$compile$3(PlayReload.scala:156)
	at scala.util.Either$LeftProjection.map(Either.scala:573)
	at play.sbt.run.PlayReload$.compile(PlayReload.scala:156)
	at play.sbt.run.PlayRun$.$anonfun$playRunTask$4(PlayRun.scala:80)
	at play.runsupport.Reloader.$anonfun$reload$1(Reloader.scala:496)
	at play.runsupport.Reloader$$anon$1.run(Reloader.scala:57)
	at java.base/java.security.AccessController.doPrivileged(Native Method)
	at play.runsupport.Reloader$.play$runsupport$Reloader$$withReloaderContextClassLoader(Reloader.scala:63)
	at play.runsupport.Reloader.reload(Reloader.scala:496)
	at play.core.server.DevServerStart$$anon$1.get(DevServerStart.scala:147)
	at play.core.server.AkkaHttpServer.handleRequest(AkkaHttpServer.scala:302)
	at play.core.server.AkkaHttpServer.$anonfun$createServerBinding$1(AkkaHttpServer.scala:224)
	at akka.stream.impl.fusing.MapAsync$$anon$30.onPush(Ops.scala:1307)
	at akka.stream.impl.fusing.GraphInterpreter.processPush(GraphInterpreter.scala:542)
	at akka.stream.impl.fusing.GraphInterpreter.processEvent(GraphInterpreter.scala:496)
	at akka.stream.impl.fusing.GraphInterpreter.execute(GraphInterpreter.scala:390)
	at akka.stream.impl.fusing.GraphInterpreterShell.runBatch(ActorGraphInterpreter.scala:650)
	at akka.stream.impl.fusing.GraphInterpreterShell$AsyncInput.execute(ActorGraphInterpreter.scala:521)
	at akka.stream.impl.fusing.GraphInterpreterShell.processEvent(ActorGraphInterpreter.scala:625)
	at akka.stream.impl.fusing.ActorGraphInterpreter.akka$stream$impl$fusing$ActorGraphInterpreter$$processEvent(ActorGraphInterpreter.scala:800)
	at akka.stream.impl.fusing.ActorGraphInterpreter$$anonfun$receive$1.applyOrElse(ActorGraphInterpreter.scala:818)
	at akka.actor.Actor.aroundReceive(Actor.scala:537)
	at akka.actor.Actor.aroundReceive$(Actor.scala:535)
	at akka.stream.impl.fusing.ActorGraphInterpreter.aroundReceive(ActorGraphInterpreter.scala:716)
	at akka.actor.ActorCell.receiveMessage(ActorCell.scala:580)
	at akka.actor.ActorCell.invoke(ActorCell.scala:548)
	at akka.dispatch.Mailbox.processMailbox(Mailbox.scala:270)
	at akka.dispatch.Mailbox.run(Mailbox.scala:231)
	at akka.dispatch.Mailbox.exec(Mailbox.scala:243)
	at java.base/java.util.concurrent.ForkJoinTask.doExec(ForkJoinTask.java:290)
	at java.base/java.util.concurrent.ForkJoinPool$WorkQueue.topLevelExec(ForkJoinPool.java:1020)
	at java.base/java.util.concurrent.ForkJoinPool.scan(ForkJoinPool.java:1656)
	at java.base/java.util.concurrent.ForkJoinPool.runWorker(ForkJoinPool.java:1594)
	at java.base/java.util.concurrent.ForkJoinWorkerThread.run(ForkJoinWorkerThread.java:183)
2022-04-07 14:20:26,846 [ERROR] from play.api.http.DefaultHttpErrorHandler in play-dev-mode-akka.actor.default-dispatcher-78 - 

! @7n92jeapb - Internal server error, for (GET) [/] ->
 
play.sbt.PlayExceptions$CompilationException: Compilation error[not found: value oppgaven]
	at play.sbt.PlayExceptions$CompilationException$.apply(PlayExceptions.scala:34)
	at play.sbt.PlayExceptions$CompilationException$.apply(PlayExceptions.scala:34)
	at scala.Option.map(Option.scala:230)
	at play.sbt.run.PlayReload$.$anonfun$taskFailureHandler$8(PlayReload.scala:131)
	at scala.Option.map(Option.scala:230)
	at play.sbt.run.PlayReload$.taskFailureHandler(PlayReload.scala:104)
	at play.sbt.run.PlayReload$.compileFailure(PlayReload.scala:38)
	at play.sbt.run.PlayReload$.$anonfun$compile$3(PlayReload.scala:156)
	at scala.util.Either$LeftProjection.map(Either.scala:573)
	at play.sbt.run.PlayReload$.compile(PlayReload.scala:156)
	at play.sbt.run.PlayRun$.$anonfun$playRunTask$4(PlayRun.scala:80)
	at play.runsupport.Reloader.$anonfun$reload$1(Reloader.scala:496)
	at play.runsupport.Reloader$$anon$1.run(Reloader.scala:57)
	at java.base/java.security.AccessController.doPrivileged(Native Method)
	at play.runsupport.Reloader$.play$runsupport$Reloader$$withReloaderContextClassLoader(Reloader.scala:63)
	at play.runsupport.Reloader.reload(Reloader.scala:496)
	at play.core.server.DevServerStart$$anon$1.get(DevServerStart.scala:147)
	at play.core.server.AkkaHttpServer.handleRequest(AkkaHttpServer.scala:302)
	at play.core.server.AkkaHttpServer.$anonfun$createServerBinding$1(AkkaHttpServer.scala:224)
	at akka.stream.impl.fusing.MapAsync$$anon$30.onPush(Ops.scala:1307)
	at akka.stream.impl.fusing.GraphInterpreter.processPush(GraphInterpreter.scala:542)
	at akka.stream.impl.fusing.GraphInterpreter.processEvent(GraphInterpreter.scala:496)
	at akka.stream.impl.fusing.GraphInterpreter.execute(GraphInterpreter.scala:390)
	at akka.stream.impl.fusing.GraphInterpreterShell.runBatch(ActorGraphInterpreter.scala:650)
	at akka.stream.impl.fusing.GraphInterpreterShell$AsyncInput.execute(ActorGraphInterpreter.scala:521)
	at akka.stream.impl.fusing.GraphInterpreterShell.processEvent(ActorGraphInterpreter.scala:625)
	at akka.stream.impl.fusing.ActorGraphInterpreter.akka$stream$impl$fusing$ActorGraphInterpreter$$processEvent(ActorGraphInterpreter.scala:800)
	at akka.stream.impl.fusing.ActorGraphInterpreter$$anonfun$receive$1.applyOrElse(ActorGraphInterpreter.scala:818)
	at akka.actor.Actor.aroundReceive(Actor.scala:537)
	at akka.actor.Actor.aroundReceive$(Actor.scala:535)
	at akka.stream.impl.fusing.ActorGraphInterpreter.aroundReceive(ActorGraphInterpreter.scala:716)
	at akka.actor.ActorCell.receiveMessage(ActorCell.scala:580)
	at akka.actor.ActorCell.invoke(ActorCell.scala:548)
	at akka.dispatch.Mailbox.processMailbox(Mailbox.scala:270)
	at akka.dispatch.Mailbox.run(Mailbox.scala:231)
	at akka.dispatch.Mailbox.exec(Mailbox.scala:243)
	at java.base/java.util.concurrent.ForkJoinTask.doExec(ForkJoinTask.java:290)
	at java.base/java.util.concurrent.ForkJoinPool$WorkQueue.topLevelExec(ForkJoinPool.java:1020)
	at java.base/java.util.concurrent.ForkJoinPool.scan(ForkJoinPool.java:1656)
	at java.base/java.util.concurrent.ForkJoinPool.runWorker(ForkJoinPool.java:1594)
	at java.base/java.util.concurrent.ForkJoinWorkerThread.run(ForkJoinWorkerThread.java:183)
2022-04-07 14:20:32,394 [INFO] from application in application-akka.actor.internal-dispatcher-3 - ApplicationTimer demo: Stopping application at 2022-04-07T12:20:32.394102300Z after 183s.
2022-04-07 14:20:32,664 [INFO] from application in play-dev-mode-akka.actor.default-dispatcher-77 - ApplicationTimer demo: Starting application at 2022-04-07T12:20:32.663382900Z
2022-04-07 14:20:32,669 [INFO] from play.api.http.EnabledFilters in play-dev-mode-akka.actor.default-dispatcher-77 - Enabled Filters (see <https://www.playframework.com/documentation/latest/Filters>):

    play.filters.csrf.CSRFFilter
    play.filters.headers.SecurityHeadersFilter
    play.filters.hosts.AllowedHostsFilter
    filters.ExampleFilter

2022-04-07 14:20:32,674 [INFO] from play.api.Play in play-dev-mode-akka.actor.default-dispatcher-77 - Application started (Dev) (no global state)
2022-04-07 14:21:06,895 [INFO] from application in application-akka.actor.internal-dispatcher-2 - ApplicationTimer demo: Stopping application at 2022-04-07T12:21:06.894014400Z after 34s.
2022-04-07 14:21:07,063 [INFO] from application in play-dev-mode-akka.actor.default-dispatcher-77 - ApplicationTimer demo: Starting application at 2022-04-07T12:21:07.062563500Z
2022-04-07 14:21:07,068 [INFO] from play.api.http.EnabledFilters in play-dev-mode-akka.actor.default-dispatcher-77 - Enabled Filters (see <https://www.playframework.com/documentation/latest/Filters>):

    play.filters.csrf.CSRFFilter
    play.filters.headers.SecurityHeadersFilter
    play.filters.hosts.AllowedHostsFilter
    filters.ExampleFilter

2022-04-07 14:21:07,073 [INFO] from play.api.Play in play-dev-mode-akka.actor.default-dispatcher-77 - Application started (Dev) (no global state)
2022-04-07 14:23:22,263 [INFO] from application in application-akka.actor.internal-dispatcher-5 - ApplicationTimer demo: Stopping application at 2022-04-07T12:23:22.262101600Z after 135s.
2022-04-07 14:23:22,426 [INFO] from application in play-dev-mode-akka.actor.default-dispatcher-75 - ApplicationTimer demo: Starting application at 2022-04-07T12:23:22.425664500Z
2022-04-07 14:23:22,431 [INFO] from play.api.http.EnabledFilters in play-dev-mode-akka.actor.default-dispatcher-75 - Enabled Filters (see <https://www.playframework.com/documentation/latest/Filters>):

    play.filters.csrf.CSRFFilter
    play.filters.headers.SecurityHeadersFilter
    play.filters.hosts.AllowedHostsFilter
    filters.ExampleFilter

2022-04-07 14:23:22,435 [INFO] from play.api.Play in play-dev-mode-akka.actor.default-dispatcher-75 - Application started (Dev) (no global state)
2022-04-07 14:23:32,042 [INFO] from application in application-akka.actor.internal-dispatcher-5 - ApplicationTimer demo: Stopping application at 2022-04-07T12:23:32.041104700Z after 10s.
2022-04-07 14:23:32,192 [INFO] from application in play-dev-mode-akka.actor.default-dispatcher-78 - ApplicationTimer demo: Starting application at 2022-04-07T12:23:32.192699100Z
2022-04-07 14:23:32,197 [INFO] from play.api.http.EnabledFilters in play-dev-mode-akka.actor.default-dispatcher-78 - Enabled Filters (see <https://www.playframework.com/documentation/latest/Filters>):

    play.filters.csrf.CSRFFilter
    play.filters.headers.SecurityHeadersFilter
    play.filters.hosts.AllowedHostsFilter
    filters.ExampleFilter

2022-04-07 14:23:32,200 [INFO] from play.api.Play in play-dev-mode-akka.actor.default-dispatcher-78 - Application started (Dev) (no global state)
2022-04-07 14:28:43,559 [INFO] from application in application-akka.actor.internal-dispatcher-3 - ApplicationTimer demo: Stopping application at 2022-04-07T12:28:43.559918700Z after 311s.
2022-04-07 14:28:43,698 [INFO] from application in play-dev-mode-akka.actor.default-dispatcher-77 - ApplicationTimer demo: Starting application at 2022-04-07T12:28:43.697550500Z
2022-04-07 14:28:43,702 [INFO] from play.api.http.EnabledFilters in play-dev-mode-akka.actor.default-dispatcher-77 - Enabled Filters (see <https://www.playframework.com/documentation/latest/Filters>):

    play.filters.csrf.CSRFFilter
    play.filters.headers.SecurityHeadersFilter
    play.filters.hosts.AllowedHostsFilter
    filters.ExampleFilter

2022-04-07 14:28:43,706 [INFO] from play.api.Play in play-dev-mode-akka.actor.default-dispatcher-77 - Application started (Dev) (no global state)
2022-04-07 14:28:53,959 [INFO] from play.api.internal.libs.concurrent.CoordinatedShutdownSupport in pool-10-thread-2 - Starting synchronous coordinated shutdown with ServerStoppedReason reason and 35000 milliseconds timeout
2022-04-07 14:28:53,960 [INFO] from play.core.server.AkkaHttpServer in pool-10-thread-2 - Stopping Akka HTTP server...
2022-04-07 14:28:53,961 [INFO] from play.core.server.AkkaHttpServer in play-dev-mode-akka.actor.internal-dispatcher-72 - Terminating server binding for /0:0:0:0:0:0:0:0:9000
2022-04-07 14:28:53,983 [INFO] from application in application-akka.actor.internal-dispatcher-4 - ApplicationTimer demo: Stopping application at 2022-04-07T12:28:53.983451600Z after 10s.
2022-04-07 14:28:54,006 [INFO] from play.core.server.AkkaHttpServer in play-dev-mode-akka.actor.internal-dispatcher-72 - Running provided shutdown stop hooks
