[debug] > Exec(run, None, None)
[debug] Evaluating tasks: Compile / run
[debug] Running task... Cancel: Signal, check cycles: false, forcegc: true
[debug] Running task... Cancel: Signal, check cycles: false, forcegc: true
[debug] Running task... Cancel: Signal, check cycles: false, forcegc: true
[debug] Exporting web-assets:play-java-starter-example
[debug] Running task... Cancel: Signal, check cycles: false, forcegc: true
[debug] Running task... Cancel: Signal, check cycles: false, forcegc: true
[info] compiling 1 Scala source to C:\Users\Bass4Nation\Desktop\Github\test2\target\scala-2.13\classes ...
[info] done compiling
[debug] Running task... Cancel: Signal, check cycles: false, forcegc: true
[debug] Exporting web-assets:play-java-starter-example
[debug] Running task... Cancel: Signal, check cycles: false, forcegc: true
[debug] Running task... Cancel: Signal, check cycles: false, forcegc: true
[info] compiling 1 Scala source to C:\Users\Bass4Nation\Desktop\Github\test2\target\scala-2.13\classes ...
[info] done compiling
[debug] Running task... Cancel: Signal, check cycles: false, forcegc: true
[debug] Exporting web-assets:play-java-starter-example
[debug] Running task... Cancel: Signal, check cycles: false, forcegc: true
[debug] Running task... Cancel: Signal, check cycles: false, forcegc: true
[info] compiling 2 Java sources to C:\Users\Bass4Nation\Desktop\Github\test2\target\scala-2.13\classes ...
[info] done compiling
[info] compiling 2 Java sources to C:\Users\Bass4Nation\Desktop\Github\test2\target\scala-2.13\classes ...
[info] done compiling
[debug] Running task... Cancel: Signal, check cycles: false, forcegc: true
[debug] Exporting web-assets:play-java-starter-example
[debug] Running task... Cancel: Signal, check cycles: false, forcegc: true
[debug] Running task... Cancel: Signal, check cycles: false, forcegc: true
[info] compiling 3 Scala sources and 1 Java source to C:\Users\Bass4Nation\Desktop\Github\test2\target\scala-2.13\classes ...
[info] done compiling
[info] compiling 1 Scala source and 1 Java source to C:\Users\Bass4Nation\Desktop\Github\test2\target\scala-2.13\classes ...
[info] done compiling
[info] compiling 1 Scala source to C:\Users\Bass4Nation\Desktop\Github\test2\target\scala-2.13\classes ...
[info] done compiling
[debug] Forcing garbage collection...
[debug] Running task... Cancel: Signal, check cycles: false, forcegc: true
[debug] Exporting web-assets:play-java-starter-example
[debug] Running task... Cancel: Signal, check cycles: false, forcegc: true
[debug] Running task... Cancel: Signal, check cycles: false, forcegc: true
[info] compiling 1 Scala source to C:\Users\Bass4Nation\Desktop\Github\test2\target\scala-2.13\classes ...
[info] done compiling
[info] compiling 1 Scala source to C:\Users\Bass4Nation\Desktop\Github\test2\target\scala-2.13\classes ...
[error] C:\Users\Bass4Nation\Desktop\Github\test2\app\views\index.scala.html:18:13: not enough arguments for method apply: (message: String, style: String, testnum: Int): play.twirl.api.HtmlFormat.Appendable in object welcome.
[error] Unspecified value parameter testnum.
[error]     @welcome(message, style = "java")
[error]             ^
[error] one error found
[error] (Compile / compileIncremental) Compilation failed
[debug] Running task... Cancel: Signal, check cycles: false, forcegc: true
[debug] Running task... Cancel: Signal, check cycles: false, forcegc: true
[debug] Running task... Cancel: Signal, check cycles: false, forcegc: true
[info] compiling 2 Scala sources to C:\Users\Bass4Nation\Desktop\Github\test2\target\scala-2.13\classes ...
[info] done compiling
[debug] Running task... Cancel: Signal, check cycles: false, forcegc: true
[debug] Exporting web-assets:play-java-starter-example
[debug] Running task... Cancel: Signal, check cycles: false, forcegc: true
[debug] Running task... Cancel: Signal, check cycles: false, forcegc: true
[info] compiling 1 Scala source to C:\Users\Bass4Nation\Desktop\Github\test2\target\scala-2.13\classes ...
[info] done compiling
[info] compiling 1 Java source to C:\Users\Bass4Nation\Desktop\Github\test2\target\scala-2.13\classes ...
[error] C:\Users\Bass4Nation\Desktop\Github\test2\app\controllers\HomeController.java:30:1: method render in class views.html.index cannot be applied to given types;
[error]   required: java.lang.String,int,controllers.AssetsFinder
[error]   found: java.lang.String,controllers.AssetsFinder
[error]   reason: actual and formal argument lists differ in length
[error] index.render
[error] (Compile / compileIncremental) javac returned non-zero exit code
[debug] Running task... Cancel: Signal, check cycles: false, forcegc: true
[debug] Running task... Cancel: Signal, check cycles: false, forcegc: true
[debug] Running task... Cancel: Signal, check cycles: false, forcegc: true
[info] compiling 1 Scala source to C:\Users\Bass4Nation\Desktop\Github\test2\target\scala-2.13\classes ...
[info] done compiling
[info] compiling 1 Java source to C:\Users\Bass4Nation\Desktop\Github\test2\target\scala-2.13\classes ...
[error] C:\Users\Bass4Nation\Desktop\Github\test2\app\controllers\HomeController.java:30:1: method render in class views.html.index cannot be applied to given types;
[error]   required: java.lang.String,int,controllers.AssetsFinder
[error]   found: java.lang.String,controllers.AssetsFinder
[error]   reason: actual and formal argument lists differ in length
[error] index.render
[error] (Compile / compileIncremental) javac returned non-zero exit code
[debug] Running task... Cancel: Signal, check cycles: false, forcegc: true
[debug] Running task... Cancel: Signal, check cycles: false, forcegc: true
[debug] Running task... Cancel: Signal, check cycles: false, forcegc: true
[info] compiling 1 Scala source to C:\Users\Bass4Nation\Desktop\Github\test2\target\scala-2.13\classes ...
[info] done compiling
[info] compiling 1 Java source to C:\Users\Bass4Nation\Desktop\Github\test2\target\scala-2.13\classes ...
[error] C:\Users\Bass4Nation\Desktop\Github\test2\app\controllers\HomeController.java:30:1: method render in class views.html.index cannot be applied to given types;
[error]   required: java.lang.String,int,controllers.AssetsFinder
[error]   found: java.lang.String,controllers.AssetsFinder
[error]   reason: actual and formal argument lists differ in length
[error] index.render
[error] (Compile / compileIncremental) javac returned non-zero exit code
[debug] Running task... Cancel: Signal, check cycles: false, forcegc: true
[debug] Running task... Cancel: Signal, check cycles: false, forcegc: true
[debug] Running task... Cancel: Signal, check cycles: false, forcegc: true
[info] compiling 1 Scala source to C:\Users\Bass4Nation\Desktop\Github\test2\target\scala-2.13\classes ...
[info] done compiling
[info] compiling 1 Java source to C:\Users\Bass4Nation\Desktop\Github\test2\target\scala-2.13\classes ...
[error] C:\Users\Bass4Nation\Desktop\Github\test2\app\controllers\HomeController.java:30:1: method render in class views.html.index cannot be applied to given types;
[error]   required: java.lang.String,int,controllers.AssetsFinder
[error]   found: java.lang.String,controllers.AssetsFinder
[error]   reason: actual and formal argument lists differ in length
[error] index.render
[error] (Compile / compileIncremental) javac returned non-zero exit code
[debug] Running task... Cancel: Signal, check cycles: false, forcegc: true
[debug] Running task... Cancel: Signal, check cycles: false, forcegc: true
[debug] Running task... Cancel: Signal, check cycles: false, forcegc: true
[info] compiling 1 Scala source to C:\Users\Bass4Nation\Desktop\Github\test2\target\scala-2.13\classes ...
[info] done compiling
[info] compiling 1 Java source to C:\Users\Bass4Nation\Desktop\Github\test2\target\scala-2.13\classes ...
[error] C:\Users\Bass4Nation\Desktop\Github\test2\app\controllers\HomeController.java:30:1: method render in class views.html.index cannot be applied to given types;
[error]   required: java.lang.String,int,controllers.AssetsFinder
[error]   found: java.lang.String,controllers.AssetsFinder
[error]   reason: actual and formal argument lists differ in length
[error] index.render
[error] (Compile / compileIncremental) javac returned non-zero exit code
[debug] Running task... Cancel: Signal, check cycles: false, forcegc: true
[debug] Running task... Cancel: Signal, check cycles: false, forcegc: true
[debug] Running task... Cancel: Signal, check cycles: false, forcegc: true
[info] compiling 1 Scala source and 2 Java sources to C:\Users\Bass4Nation\Desktop\Github\test2\target\scala-2.13\classes ...
[error] C:\Users\Bass4Nation\Desktop\Github\test2\app\controllers\CountController.java:36:1: incompatible types: play.mvc.Result cannot be converted to int
[error] ok(Integer.toString(counter.getCount()))
[error] (Compile / compileIncremental) javac returned non-zero exit code
[debug] Running task... Cancel: Signal, check cycles: false, forcegc: true
[debug] Running task... Cancel: Signal, check cycles: false, forcegc: true
[debug] Running task... Cancel: Signal, check cycles: false, forcegc: true
[info] compiling 1 Scala source and 2 Java sources to C:\Users\Bass4Nation\Desktop\Github\test2\target\scala-2.13\classes ...
[error] C:\Users\Bass4Nation\Desktop\Github\test2\app\controllers\CountController.java:36:1: incompatible types: play.mvc.Result cannot be converted to int
[error] ok(Integer.toString(counter.getCount()))
[error] (Compile / compileIncremental) javac returned non-zero exit code
[debug] Running task... Cancel: Signal, check cycles: false, forcegc: true
[debug] Running task... Cancel: Signal, check cycles: false, forcegc: true
[debug] Running task... Cancel: Signal, check cycles: false, forcegc: true
[info] compiling 1 Scala source and 1 Java source to C:\Users\Bass4Nation\Desktop\Github\test2\target\scala-2.13\classes ...
[error] C:\Users\Bass4Nation\Desktop\Github\test2\app\controllers\HomeController.java:32:1: incompatible types: play.mvc.Result cannot be converted to int
[error] countController.getIncrease()
[info] Some messages have been simplified; recompile with -Xdiags:verbose to get full output
[error] (Compile / compileIncremental) javac returned non-zero exit code
[debug] Running task... Cancel: Signal, check cycles: false, forcegc: true
[debug] Running task... Cancel: Signal, check cycles: false, forcegc: true
[debug] Running task... Cancel: Signal, check cycles: false, forcegc: true
[info] compiling 1 Scala source and 1 Java source to C:\Users\Bass4Nation\Desktop\Github\test2\target\scala-2.13\classes ...
[error] C:\Users\Bass4Nation\Desktop\Github\test2\app\controllers\HomeController.java:32:1: incompatible types: play.mvc.Result cannot be converted to int
[error] countController.getIncrease()
[info] Some messages have been simplified; recompile with -Xdiags:verbose to get full output
[error] (Compile / compileIncremental) javac returned non-zero exit code
[debug] Running task... Cancel: Signal, check cycles: false, forcegc: true
[debug] Running task... Cancel: Signal, check cycles: false, forcegc: true
[debug] Running task... Cancel: Signal, check cycles: false, forcegc: true
[info] compiling 1 Scala source and 1 Java source to C:\Users\Bass4Nation\Desktop\Github\test2\target\scala-2.13\classes ...
[error] C:\Users\Bass4Nation\Desktop\Github\test2\app\controllers\HomeController.java:32:1: incompatible types: play.mvc.Result cannot be converted to int
[error] countController.getIncrease()
[info] Some messages have been simplified; recompile with -Xdiags:verbose to get full output
[error] (Compile / compileIncremental) javac returned non-zero exit code
[debug] Running task... Cancel: Signal, check cycles: false, forcegc: true
[debug] Running task... Cancel: Signal, check cycles: false, forcegc: true
[debug] Running task... Cancel: Signal, check cycles: false, forcegc: true
[info] compiling 1 Scala source and 2 Java sources to C:\Users\Bass4Nation\Desktop\Github\test2\target\scala-2.13\classes ...
[error] C:\Users\Bass4Nation\Desktop\Github\test2\app\controllers\CountController.java:36:1: incompatible types: play.mvc.Result cannot be converted to int
[error] ok(Integer.toString(counter.getCount()))
[error] (Compile / compileIncremental) javac returned non-zero exit code
[debug] Running task... Cancel: Signal, check cycles: false, forcegc: true
[debug] Running task... Cancel: Signal, check cycles: false, forcegc: true
[debug] Running task... Cancel: Signal, check cycles: false, forcegc: true
[info] compiling 1 Scala source and 2 Java sources to C:\Users\Bass4Nation\Desktop\Github\test2\target\scala-2.13\classes ...
[error] C:\Users\Bass4Nation\Desktop\Github\test2\app\controllers\CountController.java:36:1: incompatible types: play.mvc.Result cannot be converted to int
[error] ok(Integer.toString(counter.getCount()))
[error] (Compile / compileIncremental) javac returned non-zero exit code
[debug] Running task... Cancel: Signal, check cycles: false, forcegc: true
[debug] Running task... Cancel: Signal, check cycles: false, forcegc: true
[debug] Running task... Cancel: Signal, check cycles: false, forcegc: true
[info] compiling 1 Scala source and 2 Java sources to C:\Users\Bass4Nation\Desktop\Github\test2\target\scala-2.13\classes ...
[error] C:\Users\Bass4Nation\Desktop\Github\test2\app\controllers\CountController.java:36:1: incompatible types: play.mvc.Result cannot be converted to int
[error] ok(Integer.toString(counter.getCount()))
[error] (Compile / compileIncremental) javac returned non-zero exit code
[debug] Running task... Cancel: Signal, check cycles: false, forcegc: true
[debug] Running task... Cancel: Signal, check cycles: false, forcegc: true
[debug] Running task... Cancel: Signal, check cycles: false, forcegc: true
[info] compiling 1 Scala source and 2 Java sources to C:\Users\Bass4Nation\Desktop\Github\test2\target\scala-2.13\classes ...
[error] C:\Users\Bass4Nation\Desktop\Github\test2\app\controllers\CountController.java:36:1: incompatible types: play.mvc.Result cannot be converted to int
[error] ok(Integer.toString(counter.getCount()))
[error] (Compile / compileIncremental) javac returned non-zero exit code
[debug] Running task... Cancel: Signal, check cycles: false, forcegc: true
[debug] Running task... Cancel: Signal, check cycles: false, forcegc: true
[debug] Running task... Cancel: Signal, check cycles: false, forcegc: true
[info] compiling 1 Scala source and 2 Java sources to C:\Users\Bass4Nation\Desktop\Github\test2\target\scala-2.13\classes ...
[error] C:\Users\Bass4Nation\Desktop\Github\test2\app\controllers\CountController.java:36:1: incompatible types: play.mvc.Result cannot be converted to int
[error] ok(Integer.toString(counter.getCount()))
[error] (Compile / compileIncremental) javac returned non-zero exit code
[debug] Running task... Cancel: Signal, check cycles: false, forcegc: true
[debug] Running task... Cancel: Signal, check cycles: false, forcegc: true
[debug] Running task... Cancel: Signal, check cycles: false, forcegc: true
[info] compiling 1 Scala source and 1 Java source to C:\Users\Bass4Nation\Desktop\Github\test2\target\scala-2.13\classes ...
[error] C:\Users\Bass4Nation\Desktop\Github\test2\app\views\index.scala.html:18:39: type mismatch;
[error]  found   : play.mvc.Result
[error]  required: Int
[error]     @welcome(message, style = "java", testnum)
[error]                                       ^
[error] one error found
[debug] Forcing garbage collection...
[error] (Compile / compileIncremental) Compilation failed
[debug] Running task... Cancel: Signal, check cycles: false, forcegc: true
[debug] Running task... Cancel: Signal, check cycles: false, forcegc: true
[debug] Running task... Cancel: Signal, check cycles: false, forcegc: true
[info] compiling 1 Scala source and 1 Java source to C:\Users\Bass4Nation\Desktop\Github\test2\target\scala-2.13\classes ...
[error] C:\Users\Bass4Nation\Desktop\Github\test2\app\views\index.scala.html:18:39: type mismatch;
[error]  found   : play.mvc.Result
[error]  required: Int
[error]     @welcome(message, style = "java", testnum)
[error]                                       ^
[error] one error found
[error] (Compile / compileIncremental) Compilation failed
[debug] Running task... Cancel: Signal, check cycles: false, forcegc: true
[debug] Running task... Cancel: Signal, check cycles: false, forcegc: true
[debug] Running task... Cancel: Signal, check cycles: false, forcegc: true
[info] compiling 2 Scala sources and 1 Java source to C:\Users\Bass4Nation\Desktop\Github\test2\target\scala-2.13\classes ...
[info] done compiling
[info] compiling 1 Scala source to C:\Users\Bass4Nation\Desktop\Github\test2\target\scala-2.13\classes ...
[info] done compiling
[debug] Running task... Cancel: Signal, check cycles: false, forcegc: true
[debug] Exporting web-assets:play-java-starter-example
[debug] Running task... Cancel: Signal, check cycles: false, forcegc: true
[debug] Running task... Cancel: Signal, check cycles: false, forcegc: true
[info] compiling 2 Scala sources to C:\Users\Bass4Nation\Desktop\Github\test2\target\scala-2.13\classes ...
[info] done compiling
[info] compiling 1 Java source to C:\Users\Bass4Nation\Desktop\Github\test2\target\scala-2.13\classes ...
[error] C:\Users\Bass4Nation\Desktop\Github\test2\app\controllers\HomeController.java:32:1: incompatible types: play.mvc.Result cannot be converted to java.lang.String
[error] countController.getIncrease()
[info] Some messages have been simplified; recompile with -Xdiags:verbose to get full output
[error] (Compile / compileIncremental) javac returned non-zero exit code
[debug] Running task... Cancel: Signal, check cycles: false, forcegc: true
[debug] Running task... Cancel: Signal, check cycles: false, forcegc: true
[debug] Running task... Cancel: Signal, check cycles: false, forcegc: true
[info] compiling 2 Scala sources to C:\Users\Bass4Nation\Desktop\Github\test2\target\scala-2.13\classes ...
[info] done compiling
[info] compiling 1 Java source to C:\Users\Bass4Nation\Desktop\Github\test2\target\scala-2.13\classes ...
[error] C:\Users\Bass4Nation\Desktop\Github\test2\app\controllers\HomeController.java:32:1: incompatible types: play.mvc.Result cannot be converted to java.lang.String
[error] countController.getIncrease()
[info] Some messages have been simplified; recompile with -Xdiags:verbose to get full output
[error] (Compile / compileIncremental) javac returned non-zero exit code
[debug] Running task... Cancel: Signal, check cycles: false, forcegc: true
[debug] Running task... Cancel: Signal, check cycles: false, forcegc: true
[debug] Running task... Cancel: Signal, check cycles: false, forcegc: true
[info] compiling 2 Scala sources to C:\Users\Bass4Nation\Desktop\Github\test2\target\scala-2.13\classes ...
[info] done compiling
[info] compiling 1 Java source to C:\Users\Bass4Nation\Desktop\Github\test2\target\scala-2.13\classes ...
[error] C:\Users\Bass4Nation\Desktop\Github\test2\app\controllers\HomeController.java:32:1: incompatible types: play.mvc.Result cannot be converted to java.lang.String
[error] countController.getIncrease()
[info] Some messages have been simplified; recompile with -Xdiags:verbose to get full output
[error] (Compile / compileIncremental) javac returned non-zero exit code
[debug] Running task... Cancel: Signal, check cycles: false, forcegc: true
[debug] Running task... Cancel: Signal, check cycles: false, forcegc: true
[debug] Running task... Cancel: Signal, check cycles: false, forcegc: true
[info] compiling 2 Scala sources to C:\Users\Bass4Nation\Desktop\Github\test2\target\scala-2.13\classes ...
[info] done compiling
[info] compiling 1 Java source to C:\Users\Bass4Nation\Desktop\Github\test2\target\scala-2.13\classes ...
[error] C:\Users\Bass4Nation\Desktop\Github\test2\app\controllers\HomeController.java:32:1: incompatible types: play.mvc.Result cannot be converted to java.lang.String
[error] countController.getIncrease()
[info] Some messages have been simplified; recompile with -Xdiags:verbose to get full output
[error] (Compile / compileIncremental) javac returned non-zero exit code
[debug] Running task... Cancel: Signal, check cycles: false, forcegc: true
[debug] Running task... Cancel: Signal, check cycles: false, forcegc: true
[debug] Running task... Cancel: Signal, check cycles: false, forcegc: true
[info] compiling 2 Scala sources to C:\Users\Bass4Nation\Desktop\Github\test2\target\scala-2.13\classes ...
[info] done compiling
[info] compiling 1 Java source to C:\Users\Bass4Nation\Desktop\Github\test2\target\scala-2.13\classes ...
[error] C:\Users\Bass4Nation\Desktop\Github\test2\app\controllers\HomeController.java:32:1: incompatible types: play.mvc.Result cannot be converted to java.lang.String
[error] countController.getIncrease()
[info] Some messages have been simplified; recompile with -Xdiags:verbose to get full output
[error] (Compile / compileIncremental) javac returned non-zero exit code
[debug] Running task... Cancel: Signal, check cycles: false, forcegc: true
[debug] Running task... Cancel: Signal, check cycles: false, forcegc: true
[debug] Running task... Cancel: Signal, check cycles: false, forcegc: true
[info] compiling 2 Scala sources to C:\Users\Bass4Nation\Desktop\Github\test2\target\scala-2.13\classes ...
[info] done compiling
[info] compiling 1 Java source to C:\Users\Bass4Nation\Desktop\Github\test2\target\scala-2.13\classes ...
[error] C:\Users\Bass4Nation\Desktop\Github\test2\app\controllers\HomeController.java:32:1: incompatible types: play.mvc.Result cannot be converted to java.lang.String
[error] countController.getIncrease()
[info] Some messages have been simplified; recompile with -Xdiags:verbose to get full output
[error] (Compile / compileIncremental) javac returned non-zero exit code
[debug] Running task... Cancel: Signal, check cycles: false, forcegc: true
[debug] Running task... Cancel: Signal, check cycles: false, forcegc: true
[debug] Running task... Cancel: Signal, check cycles: false, forcegc: true
[info] compiling 2 Scala sources to C:\Users\Bass4Nation\Desktop\Github\test2\target\scala-2.13\classes ...
[info] done compiling
[info] compiling 1 Java source to C:\Users\Bass4Nation\Desktop\Github\test2\target\scala-2.13\classes ...
[error] C:\Users\Bass4Nation\Desktop\Github\test2\app\controllers\HomeController.java:32:1: incompatible types: play.mvc.Result cannot be converted to java.lang.String
[error] countController.getIncrease()
[info] Some messages have been simplified; recompile with -Xdiags:verbose to get full output
[error] (Compile / compileIncremental) javac returned non-zero exit code
[debug] Running task... Cancel: Signal, check cycles: false, forcegc: true
[debug] Running task... Cancel: Signal, check cycles: false, forcegc: true
[debug] Running task... Cancel: Signal, check cycles: false, forcegc: true
[info] compiling 2 Scala sources to C:\Users\Bass4Nation\Desktop\Github\test2\target\scala-2.13\classes ...
[info] done compiling
[info] compiling 1 Java source to C:\Users\Bass4Nation\Desktop\Github\test2\target\scala-2.13\classes ...
[error] C:\Users\Bass4Nation\Desktop\Github\test2\app\controllers\HomeController.java:32:1: incompatible types: play.mvc.Result cannot be converted to java.lang.String
[error] countController.getIncrease()
[info] Some messages have been simplified; recompile with -Xdiags:verbose to get full output
[error] (Compile / compileIncremental) javac returned non-zero exit code
[debug] Running task... Cancel: Signal, check cycles: false, forcegc: true
[debug] Running task... Cancel: Signal, check cycles: false, forcegc: true
[debug] Running task... Cancel: Signal, check cycles: false, forcegc: true
[info] compiling 2 Scala sources to C:\Users\Bass4Nation\Desktop\Github\test2\target\scala-2.13\classes ...
[info] done compiling
[info] compiling 1 Java source to C:\Users\Bass4Nation\Desktop\Github\test2\target\scala-2.13\classes ...
[error] C:\Users\Bass4Nation\Desktop\Github\test2\app\controllers\HomeController.java:32:1: incompatible types: play.mvc.Result cannot be converted to java.lang.String
[error] countController.getIncrease()
[info] Some messages have been simplified; recompile with -Xdiags:verbose to get full output
[error] (Compile / compileIncremental) javac returned non-zero exit code
[debug] Running task... Cancel: Signal, check cycles: false, forcegc: true
[debug] Running task... Cancel: Signal, check cycles: false, forcegc: true
[debug] Running task... Cancel: Signal, check cycles: false, forcegc: true
[info] compiling 2 Scala sources to C:\Users\Bass4Nation\Desktop\Github\test2\target\scala-2.13\classes ...
[info] done compiling
[info] compiling 1 Java source to C:\Users\Bass4Nation\Desktop\Github\test2\target\scala-2.13\classes ...
[error] C:\Users\Bass4Nation\Desktop\Github\test2\app\controllers\HomeController.java:32:1: incompatible types: play.mvc.Result cannot be converted to java.lang.String
[error] countController.getIncrease()
[info] Some messages have been simplified; recompile with -Xdiags:verbose to get full output
[error] (Compile / compileIncremental) javac returned non-zero exit code
[debug] Running task... Cancel: Signal, check cycles: false, forcegc: true
[debug] Running task... Cancel: Signal, check cycles: false, forcegc: true
[debug] Running task... Cancel: Signal, check cycles: false, forcegc: true
[info] compiling 2 Scala sources to C:\Users\Bass4Nation\Desktop\Github\test2\target\scala-2.13\classes ...
[info] done compiling
[info] compiling 1 Java source to C:\Users\Bass4Nation\Desktop\Github\test2\target\scala-2.13\classes ...
[error] C:\Users\Bass4Nation\Desktop\Github\test2\app\controllers\HomeController.java:32:1: incompatible types: play.mvc.Result cannot be converted to java.lang.String
[error] countController.getIncrease()
[info] Some messages have been simplified; recompile with -Xdiags:verbose to get full output
[error] (Compile / compileIncremental) javac returned non-zero exit code
[debug] Running task... Cancel: Signal, check cycles: false, forcegc: true
[debug] Running task... Cancel: Signal, check cycles: false, forcegc: true
[debug] Running task... Cancel: Signal, check cycles: false, forcegc: true
[info] compiling 2 Scala sources to C:\Users\Bass4Nation\Desktop\Github\test2\target\scala-2.13\classes ...
[info] done compiling
[info] compiling 1 Java source to C:\Users\Bass4Nation\Desktop\Github\test2\target\scala-2.13\classes ...
[error] C:\Users\Bass4Nation\Desktop\Github\test2\app\controllers\HomeController.java:32:1: incompatible types: play.mvc.Result cannot be converted to java.lang.String
[error] countController.getIncrease()
[info] Some messages have been simplified; recompile with -Xdiags:verbose to get full output
[error] (Compile / compileIncremental) javac returned non-zero exit code
[debug] Running task... Cancel: Signal, check cycles: false, forcegc: true
[debug] Running task... Cancel: Signal, check cycles: false, forcegc: true
[debug] Running task... Cancel: Signal, check cycles: false, forcegc: true
[info] compiling 2 Scala sources to C:\Users\Bass4Nation\Desktop\Github\test2\target\scala-2.13\classes ...
[info] done compiling
[info] compiling 1 Java source to C:\Users\Bass4Nation\Desktop\Github\test2\target\scala-2.13\classes ...
[error] C:\Users\Bass4Nation\Desktop\Github\test2\app\controllers\HomeController.java:32:1: incompatible types: play.mvc.Result cannot be converted to java.lang.String
[error] countController.getIncrease()
[info] Some messages have been simplified; recompile with -Xdiags:verbose to get full output
[error] (Compile / compileIncremental) javac returned non-zero exit code
[debug] Running task... Cancel: Signal, check cycles: false, forcegc: true
[debug] Running task... Cancel: Signal, check cycles: false, forcegc: true
[debug] Running task... Cancel: Signal, check cycles: false, forcegc: true
[info] compiling 2 Scala sources to C:\Users\Bass4Nation\Desktop\Github\test2\target\scala-2.13\classes ...
[info] done compiling
[info] compiling 1 Java source to C:\Users\Bass4Nation\Desktop\Github\test2\target\scala-2.13\classes ...
[error] C:\Users\Bass4Nation\Desktop\Github\test2\app\controllers\HomeController.java:32:1: incompatible types: play.mvc.Result cannot be converted to java.lang.String
[error] countController.getIncrease()
[info] Some messages have been simplified; recompile with -Xdiags:verbose to get full output
[error] (Compile / compileIncremental) javac returned non-zero exit code
[debug] Running task... Cancel: Signal, check cycles: false, forcegc: true
[debug] Running task... Cancel: Signal, check cycles: false, forcegc: true
[debug] Running task... Cancel: Signal, check cycles: false, forcegc: true
[info] compiling 2 Scala sources to C:\Users\Bass4Nation\Desktop\Github\test2\target\scala-2.13\classes ...
[info] done compiling
[info] compiling 1 Java source to C:\Users\Bass4Nation\Desktop\Github\test2\target\scala-2.13\classes ...
[error] C:\Users\Bass4Nation\Desktop\Github\test2\app\controllers\HomeController.java:32:1: incompatible types: play.mvc.Result cannot be converted to java.lang.String
[error] countController.getIncrease()
[info] Some messages have been simplified; recompile with -Xdiags:verbose to get full output
[error] (Compile / compileIncremental) javac returned non-zero exit code
[debug] Running task... Cancel: Signal, check cycles: false, forcegc: true
[debug] Running task... Cancel: Signal, check cycles: false, forcegc: true
[debug] Running task... Cancel: Signal, check cycles: false, forcegc: true
[info] compiling 2 Scala sources to C:\Users\Bass4Nation\Desktop\Github\test2\target\scala-2.13\classes ...
[info] done compiling
[info] compiling 1 Java source to C:\Users\Bass4Nation\Desktop\Github\test2\target\scala-2.13\classes ...
[error] C:\Users\Bass4Nation\Desktop\Github\test2\app\controllers\HomeController.java:32:1: incompatible types: play.mvc.Result cannot be converted to java.lang.String
[error] countController.getIncrease()
[info] Some messages have been simplified; recompile with -Xdiags:verbose to get full output
[error] (Compile / compileIncremental) javac returned non-zero exit code
[debug] Running task... Cancel: Signal, check cycles: false, forcegc: true
[debug] Running task... Cancel: Signal, check cycles: false, forcegc: true
[debug] Running task... Cancel: Signal, check cycles: false, forcegc: true
[info] compiling 2 Scala sources to C:\Users\Bass4Nation\Desktop\Github\test2\target\scala-2.13\classes ...
[info] done compiling
[info] compiling 1 Java source to C:\Users\Bass4Nation\Desktop\Github\test2\target\scala-2.13\classes ...
[error] C:\Users\Bass4Nation\Desktop\Github\test2\app\controllers\HomeController.java:32:1: incompatible types: play.mvc.Result cannot be converted to java.lang.String
[error] countController.getIncrease()
[info] Some messages have been simplified; recompile with -Xdiags:verbose to get full output
[error] (Compile / compileIncremental) javac returned non-zero exit code
[debug] Running task... Cancel: Signal, check cycles: false, forcegc: true
[debug] Running task... Cancel: Signal, check cycles: false, forcegc: true
[debug] Running task... Cancel: Signal, check cycles: false, forcegc: true
[info] compiling 2 Scala sources to C:\Users\Bass4Nation\Desktop\Github\test2\target\scala-2.13\classes ...
[info] done compiling
[info] compiling 1 Java source to C:\Users\Bass4Nation\Desktop\Github\test2\target\scala-2.13\classes ...
[error] C:\Users\Bass4Nation\Desktop\Github\test2\app\controllers\HomeController.java:32:1: incompatible types: play.mvc.Result cannot be converted to java.lang.String
[error] countController.getIncrease()
[info] Some messages have been simplified; recompile with -Xdiags:verbose to get full output
[debug] Forcing garbage collection...
[error] (Compile / compileIncremental) javac returned non-zero exit code
[debug] Running task... Cancel: Signal, check cycles: false, forcegc: true
[debug] Running task... Cancel: Signal, check cycles: false, forcegc: true
[debug] Running task... Cancel: Signal, check cycles: false, forcegc: true
[info] compiling 2 Scala sources to C:\Users\Bass4Nation\Desktop\Github\test2\target\scala-2.13\classes ...
[info] done compiling
[info] compiling 1 Java source to C:\Users\Bass4Nation\Desktop\Github\test2\target\scala-2.13\classes ...
[error] C:\Users\Bass4Nation\Desktop\Github\test2\app\controllers\HomeController.java:32:1: incompatible types: play.mvc.Result cannot be converted to java.lang.String
[error] countController.getIncrease()
[info] Some messages have been simplified; recompile with -Xdiags:verbose to get full output
[error] (Compile / compileIncremental) javac returned non-zero exit code
[debug] Running task... Cancel: Signal, check cycles: false, forcegc: true
[debug] Running task... Cancel: Signal, check cycles: false, forcegc: true
[debug] Running task... Cancel: Signal, check cycles: false, forcegc: true
[info] compiling 2 Scala sources to C:\Users\Bass4Nation\Desktop\Github\test2\target\scala-2.13\classes ...
[info] done compiling
[info] compiling 1 Java source to C:\Users\Bass4Nation\Desktop\Github\test2\target\scala-2.13\classes ...
[error] C:\Users\Bass4Nation\Desktop\Github\test2\app\controllers\HomeController.java:32:1: incompatible types: play.mvc.Result cannot be converted to java.lang.String
[error] countController.getIncrease()
[info] Some messages have been simplified; recompile with -Xdiags:verbose to get full output
[error] (Compile / compileIncremental) javac returned non-zero exit code
[debug] Running task... Cancel: Signal, check cycles: false, forcegc: true
[debug] Running task... Cancel: Signal, check cycles: false, forcegc: true
[debug] Running task... Cancel: Signal, check cycles: false, forcegc: true
[info] compiling 2 Scala sources to C:\Users\Bass4Nation\Desktop\Github\test2\target\scala-2.13\classes ...
[info] done compiling
[info] compiling 1 Java source to C:\Users\Bass4Nation\Desktop\Github\test2\target\scala-2.13\classes ...
[error] C:\Users\Bass4Nation\Desktop\Github\test2\app\controllers\HomeController.java:32:1: incompatible types: play.mvc.Result cannot be converted to java.lang.String
[error] countController.getIncrease()
[info] Some messages have been simplified; recompile with -Xdiags:verbose to get full output
[error] (Compile / compileIncremental) javac returned non-zero exit code
[debug] Running task... Cancel: Signal, check cycles: false, forcegc: true
[debug] Running task... Cancel: Signal, check cycles: false, forcegc: true
[debug] Running task... Cancel: Signal, check cycles: false, forcegc: true
[info] compiling 2 Scala sources to C:\Users\Bass4Nation\Desktop\Github\test2\target\scala-2.13\classes ...
[info] done compiling
[info] compiling 1 Java source to C:\Users\Bass4Nation\Desktop\Github\test2\target\scala-2.13\classes ...
[error] C:\Users\Bass4Nation\Desktop\Github\test2\app\controllers\HomeController.java:32:1: incompatible types: play.mvc.Result cannot be converted to java.lang.String
[error] countController.getIncrease()
[info] Some messages have been simplified; recompile with -Xdiags:verbose to get full output
[error] (Compile / compileIncremental) javac returned non-zero exit code
[debug] Running task... Cancel: Signal, check cycles: false, forcegc: true
[debug] Running task... Cancel: Signal, check cycles: false, forcegc: true
[debug] Running task... Cancel: Signal, check cycles: false, forcegc: true
[info] compiling 2 Scala sources to C:\Users\Bass4Nation\Desktop\Github\test2\target\scala-2.13\classes ...
[info] done compiling
[info] compiling 1 Java source to C:\Users\Bass4Nation\Desktop\Github\test2\target\scala-2.13\classes ...
[error] C:\Users\Bass4Nation\Desktop\Github\test2\app\controllers\HomeController.java:32:1: incompatible types: play.mvc.Result cannot be converted to java.lang.String
[error] countController.getIncrease()
[info] Some messages have been simplified; recompile with -Xdiags:verbose to get full output
[error] (Compile / compileIncremental) javac returned non-zero exit code
[debug] Running task... Cancel: Signal, check cycles: false, forcegc: true
[debug] Running task... Cancel: Signal, check cycles: false, forcegc: true
[debug] Running task... Cancel: Signal, check cycles: false, forcegc: true
[info] compiling 2 Scala sources to C:\Users\Bass4Nation\Desktop\Github\test2\target\scala-2.13\classes ...
[info] done compiling
[info] compiling 1 Java source to C:\Users\Bass4Nation\Desktop\Github\test2\target\scala-2.13\classes ...
[error] C:\Users\Bass4Nation\Desktop\Github\test2\app\controllers\HomeController.java:32:1: incompatible types: play.mvc.Result cannot be converted to java.lang.String
[error] countController.getIncrease()
[info] Some messages have been simplified; recompile with -Xdiags:verbose to get full output
[error] (Compile / compileIncremental) javac returned non-zero exit code
[debug] Running task... Cancel: Signal, check cycles: false, forcegc: true
[debug] Running task... Cancel: Signal, check cycles: false, forcegc: true
[debug] Running task... Cancel: Signal, check cycles: false, forcegc: true
[info] compiling 2 Scala sources to C:\Users\Bass4Nation\Desktop\Github\test2\target\scala-2.13\classes ...
[info] done compiling
[info] compiling 1 Java source to C:\Users\Bass4Nation\Desktop\Github\test2\target\scala-2.13\classes ...
[error] C:\Users\Bass4Nation\Desktop\Github\test2\app\controllers\HomeController.java:32:1: incompatible types: play.mvc.Result cannot be converted to java.lang.String
[error] countController.getIncrease()
[info] Some messages have been simplified; recompile with -Xdiags:verbose to get full output
[error] (Compile / compileIncremental) javac returned non-zero exit code
[debug] Running task... Cancel: Signal, check cycles: false, forcegc: true
[debug] Running task... Cancel: Signal, check cycles: false, forcegc: true
[debug] Running task... Cancel: Signal, check cycles: false, forcegc: true
[info] compiling 2 Scala sources to C:\Users\Bass4Nation\Desktop\Github\test2\target\scala-2.13\classes ...
[info] done compiling
[info] compiling 1 Java source to C:\Users\Bass4Nation\Desktop\Github\test2\target\scala-2.13\classes ...
[error] C:\Users\Bass4Nation\Desktop\Github\test2\app\controllers\HomeController.java:32:1: incompatible types: play.mvc.Result cannot be converted to java.lang.String
[error] countController.getIncrease()
[info] Some messages have been simplified; recompile with -Xdiags:verbose to get full output
[error] (Compile / compileIncremental) javac returned non-zero exit code
[debug] Running task... Cancel: Signal, check cycles: false, forcegc: true
[debug] Running task... Cancel: Signal, check cycles: false, forcegc: true
[debug] Running task... Cancel: Signal, check cycles: false, forcegc: true
[info] compiling 2 Scala sources to C:\Users\Bass4Nation\Desktop\Github\test2\target\scala-2.13\classes ...
[info] done compiling
[info] compiling 1 Java source to C:\Users\Bass4Nation\Desktop\Github\test2\target\scala-2.13\classes ...
[error] C:\Users\Bass4Nation\Desktop\Github\test2\app\controllers\HomeController.java:32:1: incompatible types: play.mvc.Result cannot be converted to java.lang.String
[error] countController.getIncrease()
[info] Some messages have been simplified; recompile with -Xdiags:verbose to get full output
[error] (Compile / compileIncremental) javac returned non-zero exit code
[debug] Running task... Cancel: Signal, check cycles: false, forcegc: true
[debug] Running task... Cancel: Signal, check cycles: false, forcegc: true
[debug] Running task... Cancel: Signal, check cycles: false, forcegc: true
[info] compiling 2 Scala sources to C:\Users\Bass4Nation\Desktop\Github\test2\target\scala-2.13\classes ...
[info] done compiling
[info] compiling 1 Java source to C:\Users\Bass4Nation\Desktop\Github\test2\target\scala-2.13\classes ...
[error] C:\Users\Bass4Nation\Desktop\Github\test2\app\controllers\HomeController.java:32:1: incompatible types: play.mvc.Result cannot be converted to java.lang.String
[error] countController.getIncrease()
[info] Some messages have been simplified; recompile with -Xdiags:verbose to get full output
[error] (Compile / compileIncremental) javac returned non-zero exit code
[debug] Running task... Cancel: Signal, check cycles: false, forcegc: true
[debug] Running task... Cancel: Signal, check cycles: false, forcegc: true
[debug] Running task... Cancel: Signal, check cycles: false, forcegc: true
[info] compiling 2 Scala sources to C:\Users\Bass4Nation\Desktop\Github\test2\target\scala-2.13\classes ...
[info] done compiling
[info] compiling 1 Java source to C:\Users\Bass4Nation\Desktop\Github\test2\target\scala-2.13\classes ...
[error] C:\Users\Bass4Nation\Desktop\Github\test2\app\controllers\HomeController.java:32:1: incompatible types: play.mvc.Result cannot be converted to java.lang.String
[error] countController.getIncrease()
[info] Some messages have been simplified; recompile with -Xdiags:verbose to get full output
[error] (Compile / compileIncremental) javac returned non-zero exit code
[debug] Running task... Cancel: Signal, check cycles: false, forcegc: true
[debug] Running task... Cancel: Signal, check cycles: false, forcegc: true
[debug] Running task... Cancel: Signal, check cycles: false, forcegc: true
[info] compiling 2 Scala sources to C:\Users\Bass4Nation\Desktop\Github\test2\target\scala-2.13\classes ...
[info] done compiling
[info] compiling 1 Java source to C:\Users\Bass4Nation\Desktop\Github\test2\target\scala-2.13\classes ...
[error] C:\Users\Bass4Nation\Desktop\Github\test2\app\controllers\HomeController.java:32:1: incompatible types: play.mvc.Result cannot be converted to java.lang.String
[error] countController.getIncrease()
[info] Some messages have been simplified; recompile with -Xdiags:verbose to get full output
[error] (Compile / compileIncremental) javac returned non-zero exit code
[debug] Running task... Cancel: Signal, check cycles: false, forcegc: true
[debug] Running task... Cancel: Signal, check cycles: false, forcegc: true
[debug] Running task... Cancel: Signal, check cycles: false, forcegc: true
[info] compiling 2 Scala sources to C:\Users\Bass4Nation\Desktop\Github\test2\target\scala-2.13\classes ...
[info] done compiling
[info] compiling 1 Java source to C:\Users\Bass4Nation\Desktop\Github\test2\target\scala-2.13\classes ...
[error] C:\Users\Bass4Nation\Desktop\Github\test2\app\controllers\HomeController.java:32:1: incompatible types: play.mvc.Result cannot be converted to java.lang.String
[error] countController.getIncrease()
[info] Some messages have been simplified; recompile with -Xdiags:verbose to get full output
[error] (Compile / compileIncremental) javac returned non-zero exit code
[debug] Running task... Cancel: Signal, check cycles: false, forcegc: true
[debug] Running task... Cancel: Signal, check cycles: false, forcegc: true
[debug] Running task... Cancel: Signal, check cycles: false, forcegc: true
[info] compiling 2 Scala sources to C:\Users\Bass4Nation\Desktop\Github\test2\target\scala-2.13\classes ...
[info] done compiling
[info] compiling 1 Java source to C:\Users\Bass4Nation\Desktop\Github\test2\target\scala-2.13\classes ...
[error] C:\Users\Bass4Nation\Desktop\Github\test2\app\controllers\HomeController.java:32:1: incompatible types: play.mvc.Result cannot be converted to java.lang.String
[error] countController.getIncrease()
[info] Some messages have been simplified; recompile with -Xdiags:verbose to get full output
[error] (Compile / compileIncremental) javac returned non-zero exit code
[debug] Running task... Cancel: Signal, check cycles: false, forcegc: true
[debug] Running task... Cancel: Signal, check cycles: false, forcegc: true
[debug] Running task... Cancel: Signal, check cycles: false, forcegc: true
[info] compiling 2 Scala sources to C:\Users\Bass4Nation\Desktop\Github\test2\target\scala-2.13\classes ...
[info] done compiling
[info] compiling 1 Java source to C:\Users\Bass4Nation\Desktop\Github\test2\target\scala-2.13\classes ...
[error] C:\Users\Bass4Nation\Desktop\Github\test2\app\controllers\HomeController.java:32:1: incompatible types: play.mvc.Result cannot be converted to java.lang.String
[error] countController.getIncrease()
[info] Some messages have been simplified; recompile with -Xdiags:verbose to get full output
[error] (Compile / compileIncremental) javac returned non-zero exit code
[debug] Running task... Cancel: Signal, check cycles: false, forcegc: true
[debug] Running task... Cancel: Signal, check cycles: false, forcegc: true
[debug] Running task... Cancel: Signal, check cycles: false, forcegc: true
[info] compiling 2 Scala sources to C:\Users\Bass4Nation\Desktop\Github\test2\target\scala-2.13\classes ...
[info] done compiling
[info] compiling 1 Java source to C:\Users\Bass4Nation\Desktop\Github\test2\target\scala-2.13\classes ...
[error] C:\Users\Bass4Nation\Desktop\Github\test2\app\controllers\HomeController.java:32:1: incompatible types: play.mvc.Result cannot be converted to java.lang.String
[error] countController.getIncrease()
[info] Some messages have been simplified; recompile with -Xdiags:verbose to get full output
[error] (Compile / compileIncremental) javac returned non-zero exit code
[debug] Running task... Cancel: Signal, check cycles: false, forcegc: true
[debug] Running task... Cancel: Signal, check cycles: false, forcegc: true
[debug] Running task... Cancel: Signal, check cycles: false, forcegc: true
[info] compiling 2 Scala sources to C:\Users\Bass4Nation\Desktop\Github\test2\target\scala-2.13\classes ...
[info] done compiling
[info] compiling 1 Java source to C:\Users\Bass4Nation\Desktop\Github\test2\target\scala-2.13\classes ...
[error] C:\Users\Bass4Nation\Desktop\Github\test2\app\controllers\HomeController.java:32:1: incompatible types: play.mvc.Result cannot be converted to java.lang.String
[error] countController.getIncrease()
[info] Some messages have been simplified; recompile with -Xdiags:verbose to get full output
[error] (Compile / compileIncremental) javac returned non-zero exit code
[debug] Running task... Cancel: Signal, check cycles: false, forcegc: true
[debug] Running task... Cancel: Signal, check cycles: false, forcegc: true
[debug] Running task... Cancel: Signal, check cycles: false, forcegc: true
[info] compiling 2 Scala sources to C:\Users\Bass4Nation\Desktop\Github\test2\target\scala-2.13\classes ...
[info] done compiling
[info] compiling 1 Java source to C:\Users\Bass4Nation\Desktop\Github\test2\target\scala-2.13\classes ...
[error] C:\Users\Bass4Nation\Desktop\Github\test2\app\controllers\HomeController.java:32:1: incompatible types: play.mvc.Result cannot be converted to java.lang.String
[error] countController.getIncrease()
[info] Some messages have been simplified; recompile with -Xdiags:verbose to get full output
[error] (Compile / compileIncremental) javac returned non-zero exit code
[debug] Running task... Cancel: Signal, check cycles: false, forcegc: true
[debug] Running task... Cancel: Signal, check cycles: false, forcegc: true
[debug] Running task... Cancel: Signal, check cycles: false, forcegc: true
[info] compiling 2 Scala sources to C:\Users\Bass4Nation\Desktop\Github\test2\target\scala-2.13\classes ...
[info] done compiling
[info] compiling 1 Java source to C:\Users\Bass4Nation\Desktop\Github\test2\target\scala-2.13\classes ...
[error] C:\Users\Bass4Nation\Desktop\Github\test2\app\controllers\HomeController.java:32:1: incompatible types: play.mvc.Result cannot be converted to java.lang.String
[error] countController.getIncrease()
[info] Some messages have been simplified; recompile with -Xdiags:verbose to get full output
[error] (Compile / compileIncremental) javac returned non-zero exit code
[debug] Running task... Cancel: Signal, check cycles: false, forcegc: true
[debug] Running task... Cancel: Signal, check cycles: false, forcegc: true
[debug] Running task... Cancel: Signal, check cycles: false, forcegc: true
[info] compiling 2 Scala sources to C:\Users\Bass4Nation\Desktop\Github\test2\target\scala-2.13\classes ...
[info] done compiling
[info] compiling 1 Java source to C:\Users\Bass4Nation\Desktop\Github\test2\target\scala-2.13\classes ...
[error] C:\Users\Bass4Nation\Desktop\Github\test2\app\controllers\HomeController.java:32:1: incompatible types: play.mvc.Result cannot be converted to java.lang.String
[error] countController.getIncrease()
[info] Some messages have been simplified; recompile with -Xdiags:verbose to get full output
[error] (Compile / compileIncremental) javac returned non-zero exit code
[debug] Running task... Cancel: Signal, check cycles: false, forcegc: true
[debug] Running task... Cancel: Signal, check cycles: false, forcegc: true
[debug] Running task... Cancel: Signal, check cycles: false, forcegc: true
[info] compiling 2 Scala sources to C:\Users\Bass4Nation\Desktop\Github\test2\target\scala-2.13\classes ...
[info] done compiling
[info] compiling 1 Java source to C:\Users\Bass4Nation\Desktop\Github\test2\target\scala-2.13\classes ...
[error] C:\Users\Bass4Nation\Desktop\Github\test2\app\controllers\HomeController.java:32:1: incompatible types: play.mvc.Result cannot be converted to java.lang.String
[error] countController.getIncrease()
[info] Some messages have been simplified; recompile with -Xdiags:verbose to get full output
[debug] Forcing garbage collection...
[error] (Compile / compileIncremental) javac returned non-zero exit code
[debug] Running task... Cancel: Signal, check cycles: false, forcegc: true
[debug] Running task... Cancel: Signal, check cycles: false, forcegc: true
[debug] Running task... Cancel: Signal, check cycles: false, forcegc: true
[info] compiling 2 Scala sources to C:\Users\Bass4Nation\Desktop\Github\test2\target\scala-2.13\classes ...
[info] done compiling
[info] compiling 1 Java source to C:\Users\Bass4Nation\Desktop\Github\test2\target\scala-2.13\classes ...
[error] C:\Users\Bass4Nation\Desktop\Github\test2\app\controllers\HomeController.java:32:1: incompatible types: play.mvc.Result cannot be converted to java.lang.String
[error] countController.getIncrease()
[info] Some messages have been simplified; recompile with -Xdiags:verbose to get full output
[error] (Compile / compileIncremental) javac returned non-zero exit code
[debug] Running task... Cancel: Signal, check cycles: false, forcegc: true
[debug] Running task... Cancel: Signal, check cycles: false, forcegc: true
[debug] Running task... Cancel: Signal, check cycles: false, forcegc: true
[info] compiling 2 Scala sources to C:\Users\Bass4Nation\Desktop\Github\test2\target\scala-2.13\classes ...
[info] done compiling
[info] compiling 1 Java source to C:\Users\Bass4Nation\Desktop\Github\test2\target\scala-2.13\classes ...
[error] C:\Users\Bass4Nation\Desktop\Github\test2\app\controllers\HomeController.java:32:1: incompatible types: play.mvc.Result cannot be converted to java.lang.String
[error] countController.getIncrease()
[info] Some messages have been simplified; recompile with -Xdiags:verbose to get full output
[error] (Compile / compileIncremental) javac returned non-zero exit code
[debug] Running task... Cancel: Signal, check cycles: false, forcegc: true
[debug] Running task... Cancel: Signal, check cycles: false, forcegc: true
[debug] Running task... Cancel: Signal, check cycles: false, forcegc: true
[info] compiling 2 Scala sources to C:\Users\Bass4Nation\Desktop\Github\test2\target\scala-2.13\classes ...
[info] done compiling
[info] compiling 1 Java source to C:\Users\Bass4Nation\Desktop\Github\test2\target\scala-2.13\classes ...
[error] C:\Users\Bass4Nation\Desktop\Github\test2\app\controllers\HomeController.java:32:1: incompatible types: play.mvc.Result cannot be converted to java.lang.String
[error] countController.getIncrease()
[info] Some messages have been simplified; recompile with -Xdiags:verbose to get full output
[error] (Compile / compileIncremental) javac returned non-zero exit code
[debug] Running task... Cancel: Signal, check cycles: false, forcegc: true
[debug] Running task... Cancel: Signal, check cycles: false, forcegc: true
[debug] Running task... Cancel: Signal, check cycles: false, forcegc: true
[info] compiling 2 Scala sources to C:\Users\Bass4Nation\Desktop\Github\test2\target\scala-2.13\classes ...
[info] done compiling
[info] compiling 1 Java source to C:\Users\Bass4Nation\Desktop\Github\test2\target\scala-2.13\classes ...
[error] C:\Users\Bass4Nation\Desktop\Github\test2\app\controllers\HomeController.java:32:1: incompatible types: play.mvc.Result cannot be converted to java.lang.String
[error] countController.getIncrease()
[info] Some messages have been simplified; recompile with -Xdiags:verbose to get full output
[error] (Compile / compileIncremental) javac returned non-zero exit code
[debug] Running task... Cancel: Signal, check cycles: false, forcegc: true
[debug] Running task... Cancel: Signal, check cycles: false, forcegc: true
[debug] Running task... Cancel: Signal, check cycles: false, forcegc: true
[info] compiling 2 Scala sources to C:\Users\Bass4Nation\Desktop\Github\test2\target\scala-2.13\classes ...
[info] done compiling
[info] compiling 1 Java source to C:\Users\Bass4Nation\Desktop\Github\test2\target\scala-2.13\classes ...
[error] C:\Users\Bass4Nation\Desktop\Github\test2\app\controllers\HomeController.java:32:1: incompatible types: play.mvc.Result cannot be converted to java.lang.String
[error] countController.getIncrease()
[info] Some messages have been simplified; recompile with -Xdiags:verbose to get full output
[error] (Compile / compileIncremental) javac returned non-zero exit code
[debug] Running task... Cancel: Signal, check cycles: false, forcegc: true
[debug] Running task... Cancel: Signal, check cycles: false, forcegc: true
[debug] Running task... Cancel: Signal, check cycles: false, forcegc: true
[info] compiling 2 Scala sources to C:\Users\Bass4Nation\Desktop\Github\test2\target\scala-2.13\classes ...
[info] done compiling
[info] compiling 1 Java source to C:\Users\Bass4Nation\Desktop\Github\test2\target\scala-2.13\classes ...
[error] C:\Users\Bass4Nation\Desktop\Github\test2\app\controllers\HomeController.java:32:1: incompatible types: play.mvc.Result cannot be converted to java.lang.String
[error] countController.getIncrease()
[info] Some messages have been simplified; recompile with -Xdiags:verbose to get full output
[error] (Compile / compileIncremental) javac returned non-zero exit code
[debug] Running task... Cancel: Signal, check cycles: false, forcegc: true
[debug] Running task... Cancel: Signal, check cycles: false, forcegc: true
[debug] Running task... Cancel: Signal, check cycles: false, forcegc: true
[info] compiling 2 Scala sources to C:\Users\Bass4Nation\Desktop\Github\test2\target\scala-2.13\classes ...
[info] done compiling
[info] compiling 1 Java source to C:\Users\Bass4Nation\Desktop\Github\test2\target\scala-2.13\classes ...
[error] C:\Users\Bass4Nation\Desktop\Github\test2\app\controllers\HomeController.java:32:1: incompatible types: play.mvc.Result cannot be converted to java.lang.String
[error] countController.getIncrease()
[info] Some messages have been simplified; recompile with -Xdiags:verbose to get full output
[error] (Compile / compileIncremental) javac returned non-zero exit code
[debug] Running task... Cancel: Signal, check cycles: false, forcegc: true
[debug] Running task... Cancel: Signal, check cycles: false, forcegc: true
[debug] Running task... Cancel: Signal, check cycles: false, forcegc: true
[info] compiling 2 Scala sources to C:\Users\Bass4Nation\Desktop\Github\test2\target\scala-2.13\classes ...
[info] done compiling
[info] compiling 1 Java source to C:\Users\Bass4Nation\Desktop\Github\test2\target\scala-2.13\classes ...
[error] C:\Users\Bass4Nation\Desktop\Github\test2\app\controllers\HomeController.java:32:1: incompatible types: play.mvc.Result cannot be converted to java.lang.String
[error] countController.getIncrease()
[info] Some messages have been simplified; recompile with -Xdiags:verbose to get full output
[error] (Compile / compileIncremental) javac returned non-zero exit code
[debug] Running task... Cancel: Signal, check cycles: false, forcegc: true
[debug] Running task... Cancel: Signal, check cycles: false, forcegc: true
[debug] Running task... Cancel: Signal, check cycles: false, forcegc: true
[info] compiling 2 Scala sources to C:\Users\Bass4Nation\Desktop\Github\test2\target\scala-2.13\classes ...
[info] done compiling
[info] compiling 1 Java source to C:\Users\Bass4Nation\Desktop\Github\test2\target\scala-2.13\classes ...
[error] C:\Users\Bass4Nation\Desktop\Github\test2\app\controllers\HomeController.java:32:1: incompatible types: play.mvc.Result cannot be converted to java.lang.String
[error] countController.getIncrease()
[info] Some messages have been simplified; recompile with -Xdiags:verbose to get full output
[error] (Compile / compileIncremental) javac returned non-zero exit code
[debug] Running task... Cancel: Signal, check cycles: false, forcegc: true
[debug] Running task... Cancel: Signal, check cycles: false, forcegc: true
[debug] Running task... Cancel: Signal, check cycles: false, forcegc: true
[info] compiling 2 Scala sources to C:\Users\Bass4Nation\Desktop\Github\test2\target\scala-2.13\classes ...
[info] done compiling
[info] compiling 1 Java source to C:\Users\Bass4Nation\Desktop\Github\test2\target\scala-2.13\classes ...
[error] C:\Users\Bass4Nation\Desktop\Github\test2\app\controllers\HomeController.java:32:1: incompatible types: play.mvc.Result cannot be converted to java.lang.String
[error] countController.getIncrease()
[info] Some messages have been simplified; recompile with -Xdiags:verbose to get full output
[error] (Compile / compileIncremental) javac returned non-zero exit code
[debug] Running task... Cancel: Signal, check cycles: false, forcegc: true
[debug] Running task... Cancel: Signal, check cycles: false, forcegc: true
[debug] Running task... Cancel: Signal, check cycles: false, forcegc: true
[info] compiling 2 Scala sources to C:\Users\Bass4Nation\Desktop\Github\test2\target\scala-2.13\classes ...
[info] done compiling
[info] compiling 1 Java source to C:\Users\Bass4Nation\Desktop\Github\test2\target\scala-2.13\classes ...
[error] C:\Users\Bass4Nation\Desktop\Github\test2\app\controllers\HomeController.java:32:1: incompatible types: play.mvc.Result cannot be converted to java.lang.String
[error] countController.getIncrease()
[info] Some messages have been simplified; recompile with -Xdiags:verbose to get full output
[error] (Compile / compileIncremental) javac returned non-zero exit code
[debug] Running task... Cancel: Signal, check cycles: false, forcegc: true
[debug] Running task... Cancel: Signal, check cycles: false, forcegc: true
[debug] Running task... Cancel: Signal, check cycles: false, forcegc: true
[info] compiling 2 Scala sources to C:\Users\Bass4Nation\Desktop\Github\test2\target\scala-2.13\classes ...
[info] done compiling
[info] compiling 1 Java source to C:\Users\Bass4Nation\Desktop\Github\test2\target\scala-2.13\classes ...
[error] C:\Users\Bass4Nation\Desktop\Github\test2\app\controllers\HomeController.java:32:1: incompatible types: play.mvc.Result cannot be converted to java.lang.String
[error] countController.getIncrease()
[info] Some messages have been simplified; recompile with -Xdiags:verbose to get full output
[error] (Compile / compileIncremental) javac returned non-zero exit code
[debug] Running task... Cancel: Signal, check cycles: false, forcegc: true
[debug] Running task... Cancel: Signal, check cycles: false, forcegc: true
[debug] Running task... Cancel: Signal, check cycles: false, forcegc: true
[info] compiling 2 Scala sources to C:\Users\Bass4Nation\Desktop\Github\test2\target\scala-2.13\classes ...
[info] done compiling
[info] compiling 1 Java source to C:\Users\Bass4Nation\Desktop\Github\test2\target\scala-2.13\classes ...
[error] C:\Users\Bass4Nation\Desktop\Github\test2\app\controllers\HomeController.java:32:1: incompatible types: play.mvc.Result cannot be converted to java.lang.String
[error] countController.getIncrease()
[info] Some messages have been simplified; recompile with -Xdiags:verbose to get full output
[error] (Compile / compileIncremental) javac returned non-zero exit code
[debug] Running task... Cancel: Signal, check cycles: false, forcegc: true
[debug] Running task... Cancel: Signal, check cycles: false, forcegc: true
[debug] Running task... Cancel: Signal, check cycles: false, forcegc: true
[info] compiling 2 Scala sources to C:\Users\Bass4Nation\Desktop\Github\test2\target\scala-2.13\classes ...
[info] done compiling
[info] compiling 1 Java source to C:\Users\Bass4Nation\Desktop\Github\test2\target\scala-2.13\classes ...
[error] C:\Users\Bass4Nation\Desktop\Github\test2\app\controllers\HomeController.java:32:1: incompatible types: play.mvc.Result cannot be converted to java.lang.String
[error] countController.getIncrease()
[info] Some messages have been simplified; recompile with -Xdiags:verbose to get full output
[error] (Compile / compileIncremental) javac returned non-zero exit code
[debug] Running task... Cancel: Signal, check cycles: false, forcegc: true
[debug] Running task... Cancel: Signal, check cycles: false, forcegc: true
[debug] Running task... Cancel: Signal, check cycles: false, forcegc: true
[info] compiling 2 Scala sources to C:\Users\Bass4Nation\Desktop\Github\test2\target\scala-2.13\classes ...
[info] done compiling
[info] compiling 1 Java source to C:\Users\Bass4Nation\Desktop\Github\test2\target\scala-2.13\classes ...
[error] C:\Users\Bass4Nation\Desktop\Github\test2\app\controllers\HomeController.java:32:1: incompatible types: play.mvc.Result cannot be converted to java.lang.String
[error] countController.getIncrease()
[info] Some messages have been simplified; recompile with -Xdiags:verbose to get full output
[error] (Compile / compileIncremental) javac returned non-zero exit code
[debug] Running task... Cancel: Signal, check cycles: false, forcegc: true
[debug] Running task... Cancel: Signal, check cycles: false, forcegc: true
[debug] Running task... Cancel: Signal, check cycles: false, forcegc: true
[info] compiling 2 Scala sources to C:\Users\Bass4Nation\Desktop\Github\test2\target\scala-2.13\classes ...
[info] done compiling
[info] compiling 1 Java source to C:\Users\Bass4Nation\Desktop\Github\test2\target\scala-2.13\classes ...
[error] C:\Users\Bass4Nation\Desktop\Github\test2\app\controllers\HomeController.java:32:1: incompatible types: play.mvc.Result cannot be converted to java.lang.String
[error] countController.getIncrease()
[info] Some messages have been simplified; recompile with -Xdiags:verbose to get full output
[error] (Compile / compileIncremental) javac returned non-zero exit code
[debug] Running task... Cancel: Signal, check cycles: false, forcegc: true
[debug] Running task... Cancel: Signal, check cycles: false, forcegc: true
[debug] Running task... Cancel: Signal, check cycles: false, forcegc: true
[info] compiling 2 Scala sources to C:\Users\Bass4Nation\Desktop\Github\test2\target\scala-2.13\classes ...
[info] done compiling
[info] compiling 1 Java source to C:\Users\Bass4Nation\Desktop\Github\test2\target\scala-2.13\classes ...
[error] C:\Users\Bass4Nation\Desktop\Github\test2\app\controllers\HomeController.java:32:1: incompatible types: play.mvc.Result cannot be converted to java.lang.String
[error] countController.getIncrease()
[info] Some messages have been simplified; recompile with -Xdiags:verbose to get full output
[error] (Compile / compileIncremental) javac returned non-zero exit code
[debug] Running task... Cancel: Signal, check cycles: false, forcegc: true
[debug] Running task... Cancel: Signal, check cycles: false, forcegc: true
[debug] Running task... Cancel: Signal, check cycles: false, forcegc: true
[info] compiling 2 Scala sources to C:\Users\Bass4Nation\Desktop\Github\test2\target\scala-2.13\classes ...
[info] done compiling
[info] compiling 1 Java source to C:\Users\Bass4Nation\Desktop\Github\test2\target\scala-2.13\classes ...
[error] C:\Users\Bass4Nation\Desktop\Github\test2\app\controllers\HomeController.java:32:1: incompatible types: play.mvc.Result cannot be converted to java.lang.String
[error] countController.getIncrease()
[info] Some messages have been simplified; recompile with -Xdiags:verbose to get full output
[error] (Compile / compileIncremental) javac returned non-zero exit code
[debug] Running task... Cancel: Signal, check cycles: false, forcegc: true
[debug] Running task... Cancel: Signal, check cycles: false, forcegc: true
[debug] Running task... Cancel: Signal, check cycles: false, forcegc: true
[info] compiling 2 Scala sources to C:\Users\Bass4Nation\Desktop\Github\test2\target\scala-2.13\classes ...
[info] done compiling
[info] compiling 1 Java source to C:\Users\Bass4Nation\Desktop\Github\test2\target\scala-2.13\classes ...
[error] C:\Users\Bass4Nation\Desktop\Github\test2\app\controllers\HomeController.java:32:1: incompatible types: play.mvc.Result cannot be converted to java.lang.String
[error] countController.getIncrease()
[info] Some messages have been simplified; recompile with -Xdiags:verbose to get full output
[error] (Compile / compileIncremental) javac returned non-zero exit code
[debug] Running task... Cancel: Signal, check cycles: false, forcegc: true
[debug] Running task... Cancel: Signal, check cycles: false, forcegc: true
[debug] Running task... Cancel: Signal, check cycles: false, forcegc: true
[info] compiling 2 Scala sources to C:\Users\Bass4Nation\Desktop\Github\test2\target\scala-2.13\classes ...
[info] done compiling
[info] compiling 1 Java source to C:\Users\Bass4Nation\Desktop\Github\test2\target\scala-2.13\classes ...
[error] C:\Users\Bass4Nation\Desktop\Github\test2\app\controllers\HomeController.java:32:1: incompatible types: play.mvc.Result cannot be converted to java.lang.String
[error] countController.getIncrease()
[info] Some messages have been simplified; recompile with -Xdiags:verbose to get full output
[error] (Compile / compileIncremental) javac returned non-zero exit code
[debug] Running task... Cancel: Signal, check cycles: false, forcegc: true
[debug] Running task... Cancel: Signal, check cycles: false, forcegc: true
[debug] Running task... Cancel: Signal, check cycles: false, forcegc: true
[info] compiling 2 Scala sources to C:\Users\Bass4Nation\Desktop\Github\test2\target\scala-2.13\classes ...
[info] done compiling
[info] compiling 1 Java source to C:\Users\Bass4Nation\Desktop\Github\test2\target\scala-2.13\classes ...
[error] C:\Users\Bass4Nation\Desktop\Github\test2\app\controllers\HomeController.java:32:1: incompatible types: play.mvc.Result cannot be converted to java.lang.String
[error] countController.getIncrease()
[info] Some messages have been simplified; recompile with -Xdiags:verbose to get full output
[debug] Forcing garbage collection...
[error] (Compile / compileIncremental) javac returned non-zero exit code
[debug] Running task... Cancel: Signal, check cycles: false, forcegc: true
[debug] Running task... Cancel: Signal, check cycles: false, forcegc: true
[debug] Running task... Cancel: Signal, check cycles: false, forcegc: true
[info] compiling 2 Scala sources to C:\Users\Bass4Nation\Desktop\Github\test2\target\scala-2.13\classes ...
[info] done compiling
[info] compiling 1 Java source to C:\Users\Bass4Nation\Desktop\Github\test2\target\scala-2.13\classes ...
[error] C:\Users\Bass4Nation\Desktop\Github\test2\app\controllers\HomeController.java:32:1: incompatible types: play.mvc.Result cannot be converted to java.lang.String
[error] countController.getIncrease()
[info] Some messages have been simplified; recompile with -Xdiags:verbose to get full output
[error] (Compile / compileIncremental) javac returned non-zero exit code
[debug] Running task... Cancel: Signal, check cycles: false, forcegc: true
[debug] Running task... Cancel: Signal, check cycles: false, forcegc: true
[debug] Running task... Cancel: Signal, check cycles: false, forcegc: true
[info] compiling 2 Scala sources to C:\Users\Bass4Nation\Desktop\Github\test2\target\scala-2.13\classes ...
[info] done compiling
[info] compiling 1 Java source to C:\Users\Bass4Nation\Desktop\Github\test2\target\scala-2.13\classes ...
[error] C:\Users\Bass4Nation\Desktop\Github\test2\app\controllers\HomeController.java:32:1: incompatible types: play.mvc.Result cannot be converted to java.lang.String
[error] countController.getIncrease()
[info] Some messages have been simplified; recompile with -Xdiags:verbose to get full output
[error] (Compile / compileIncremental) javac returned non-zero exit code
[debug] Running task... Cancel: Signal, check cycles: false, forcegc: true
[debug] Running task... Cancel: Signal, check cycles: false, forcegc: true
[warn] Canceling execution...
[error] Cancelled: run
[error] Cancelled: run
[error] Use 'last' for the full log.
[debug] > Exec(idea-shell, None, None)
