[debug] > Exec(run, None, None)
[debug] Evaluating tasks: Compile / run
[debug] Running task... Cancel: Signal, check cycles: false, forcegc: true
[debug] Running task... Cancel: Signal, check cycles: false, forcegc: true
[debug] Running task... Cancel: Signal, check cycles: false, forcegc: true
[debug] Exporting web-assets:play-java-starter-example
[debug] Running task... Cancel: Signal, check cycles: false, forcegc: true
[debug] Running task... Cancel: Signal, check cycles: false, forcegc: true
[info] compiling 1 Java source to C:\Users\Bass4Nation\Desktop\Github\test2\target\scala-2.13\classes ...
[info] done compiling
[debug] Running task... Cancel: Signal, check cycles: false, forcegc: true
[debug] Exporting web-assets:play-java-starter-example
[debug] Running task... Cancel: Signal, check cycles: false, forcegc: true
[debug] Running task... Cancel: Signal, check cycles: false, forcegc: true
[debug] Running task... Cancel: Signal, check cycles: false, forcegc: true
[debug] Exporting web-assets:play-java-starter-example
[debug] Running task... Cancel: Signal, check cycles: false, forcegc: true
[debug] Running task... Cancel: Signal, check cycles: false, forcegc: true
[debug] Running task... Cancel: Signal, check cycles: false, forcegc: true
[debug] Exporting web-assets:play-java-starter-example
[debug] Running task... Cancel: Signal, check cycles: false, forcegc: true
[debug] Running task... Cancel: Signal, check cycles: false, forcegc: true
[debug] Running task... Cancel: Signal, check cycles: false, forcegc: true
[debug] Exporting web-assets:play-java-starter-example
[debug] Running task... Cancel: Signal, check cycles: false, forcegc: true
[debug] Running task... Cancel: Signal, check cycles: false, forcegc: true
[debug] Forcing garbage collection...
[debug] Running task... Cancel: Signal, check cycles: false, forcegc: true
[debug] Exporting web-assets:play-java-starter-example
[debug] Running task... Cancel: Signal, check cycles: false, forcegc: true
[debug] Running task... Cancel: Signal, check cycles: false, forcegc: true
[debug] Running task... Cancel: Signal, check cycles: false, forcegc: true
[debug] Exporting web-assets:play-java-starter-example
[debug] Running task... Cancel: Signal, check cycles: false, forcegc: true
[debug] Running task... Cancel: Signal, check cycles: false, forcegc: true
[debug] Running task... Cancel: Signal, check cycles: false, forcegc: true
[debug] Exporting web-assets:play-java-starter-example
[debug] Running task... Cancel: Signal, check cycles: false, forcegc: true
[debug] Running task... Cancel: Signal, check cycles: false, forcegc: true
[debug] Running task... Cancel: Signal, check cycles: false, forcegc: true
[debug] Exporting web-assets:play-java-starter-example
[debug] Running task... Cancel: Signal, check cycles: false, forcegc: true
[debug] Running task... Cancel: Signal, check cycles: false, forcegc: true
[debug] Running task... Cancel: Signal, check cycles: false, forcegc: true
[debug] Exporting web-assets:play-java-starter-example
[debug] Running task... Cancel: Signal, check cycles: false, forcegc: true
[debug] Running task... Cancel: Signal, check cycles: false, forcegc: true
[debug] Running task... Cancel: Signal, check cycles: false, forcegc: true
[debug] Exporting web-assets:play-java-starter-example
[debug] Running task... Cancel: Signal, check cycles: false, forcegc: true
[debug] Running task... Cancel: Signal, check cycles: false, forcegc: true
[debug] Running task... Cancel: Signal, check cycles: false, forcegc: true
[debug] Exporting web-assets:play-java-starter-example
[debug] Running task... Cancel: Signal, check cycles: false, forcegc: true
[debug] Running task... Cancel: Signal, check cycles: false, forcegc: true
[debug] Running task... Cancel: Signal, check cycles: false, forcegc: true
[debug] Exporting web-assets:play-java-starter-example
[debug] Running task... Cancel: Signal, check cycles: false, forcegc: true
[debug] Running task... Cancel: Signal, check cycles: false, forcegc: true
[debug] Running task... Cancel: Signal, check cycles: false, forcegc: true
[debug] Exporting web-assets:play-java-starter-example
[debug] Running task... Cancel: Signal, check cycles: false, forcegc: true
[debug] Running task... Cancel: Signal, check cycles: false, forcegc: true
[info] compiling 1 Scala source to C:\Users\Bass4Nation\Desktop\Github\test2\target\scala-2.13\classes ...
[info] done compiling
[debug] Running task... Cancel: Signal, check cycles: false, forcegc: true
[debug] Exporting web-assets:play-java-starter-example
[debug] Running task... Cancel: Signal, check cycles: false, forcegc: true
[debug] Running task... Cancel: Signal, check cycles: false, forcegc: true
[debug] Running task... Cancel: Signal, check cycles: false, forcegc: true
[debug] Exporting web-assets:play-java-starter-example
[debug] Running task... Cancel: Signal, check cycles: false, forcegc: true
[debug] Running task... Cancel: Signal, check cycles: false, forcegc: true
[debug] Running task... Cancel: Signal, check cycles: false, forcegc: true
[debug] Exporting web-assets:play-java-starter-example
[debug] Running task... Cancel: Signal, check cycles: false, forcegc: true
[debug] Running task... Cancel: Signal, check cycles: false, forcegc: true
[info] compiling 1 Java source to C:\Users\Bass4Nation\Desktop\Github\test2\target\scala-2.13\classes ...
[info] done compiling
[info] compiling 3 Java sources to C:\Users\Bass4Nation\Desktop\Github\test2\target\scala-2.13\classes ...
[error] C:\Users\Bass4Nation\Desktop\Github\test2\app\controllers\CountController.java:36:1: cannot find symbol
[error]   symbol:   method getCount()
[error]   location: variable counter of type services.Counter
[error] counter.getCount
[error] C:\Users\Bass4Nation\Desktop\Github\test2\app\services\AtomicCounter.java:26:1: method does not override or implement a method from a supertype
[error] @Override
[error] (Compile / compileIncremental) javac returned non-zero exit code
[debug] Running task... Cancel: Signal, check cycles: false, forcegc: true
[debug] Running task... Cancel: Signal, check cycles: false, forcegc: true
[debug] Running task... Cancel: Signal, check cycles: false, forcegc: true
[info] compiling 2 Java sources to C:\Users\Bass4Nation\Desktop\Github\test2\target\scala-2.13\classes ...
[info] done compiling
[info] compiling 2 Java sources to C:\Users\Bass4Nation\Desktop\Github\test2\target\scala-2.13\classes ...
[error] C:\Users\Bass4Nation\Desktop\Github\test2\app\controllers\CountController.java:36:1: cannot find symbol
[error]   symbol:   method getCount()
[error]   location: variable counter of type services.Counter
[error] counter.getCount
[error] (Compile / compileIncremental) javac returned non-zero exit code
[debug] Running task... Cancel: Signal, check cycles: false, forcegc: true
[debug] Running task... Cancel: Signal, check cycles: false, forcegc: true
[debug] Running task... Cancel: Signal, check cycles: false, forcegc: true
[info] compiling 3 Java sources to C:\Users\Bass4Nation\Desktop\Github\test2\target\scala-2.13\classes ...
[info] done compiling
[info] compiling 2 Java sources to C:\Users\Bass4Nation\Desktop\Github\test2\target\scala-2.13\classes ...
[info] done compiling
[debug] Running task... Cancel: Signal, check cycles: false, forcegc: true
[debug] Exporting web-assets:play-java-starter-example
[debug] Running task... Cancel: Signal, check cycles: false, forcegc: true
[debug] Running task... Cancel: Signal, check cycles: false, forcegc: true
[info] compiling 1 Scala source to C:\Users\Bass4Nation\Desktop\Github\test2\target\scala-2.13\classes ...
[info] done compiling
[info] compiling 1 Scala source to C:\Users\Bass4Nation\Desktop\Github\test2\target\scala-2.13\classes ...
[error] C:\Users\Bass4Nation\Desktop\Github\test2\app\views\index.scala.html:20:21: unknown parameter name: style
[error]     @increase(style = "java")
[error]                     ^
[error] C:\Users\Bass4Nation\Desktop\Github\test2\app\views\index.scala.html:20:14: no arguments allowed for nullary method apply: (): play.twirl.api.HtmlFormat.Appendable in object increase
[error]     @increase(style = "java")
[error]              ^
[error] two errors found
[error] (Compile / compileIncremental) Compilation failed
[debug] Running task... Cancel: Signal, check cycles: false, forcegc: true
[debug] Running task... Cancel: Signal, check cycles: false, forcegc: true
[debug] Running task... Cancel: Signal, check cycles: false, forcegc: true
[info] compiling 1 Scala source to C:\Users\Bass4Nation\Desktop\Github\test2\target\scala-2.13\classes ...
[info] done compiling
[info] compiling 1 Scala source to C:\Users\Bass4Nation\Desktop\Github\test2\target\scala-2.13\classes ...
[error] C:\Users\Bass4Nation\Desktop\Github\test2\app\views\index.scala.html:20:21: unknown parameter name: style
[error]     @increase(style = "java")
[error]                     ^
[error] C:\Users\Bass4Nation\Desktop\Github\test2\app\views\index.scala.html:20:14: no arguments allowed for nullary method apply: (): play.twirl.api.HtmlFormat.Appendable in object increase
[error]     @increase(style = "java")
[error]              ^
[error] two errors found
[error] (Compile / compileIncremental) Compilation failed
[debug] Running task... Cancel: Signal, check cycles: false, forcegc: true
[debug] Running task... Cancel: Signal, check cycles: false, forcegc: true
[debug] Running task... Cancel: Signal, check cycles: false, forcegc: true
[debug] Running task... Cancel: Signal, check cycles: false, forcegc: true
[debug] Exporting web-assets:play-java-starter-example
[debug] Running task... Cancel: Signal, check cycles: false, forcegc: true
[debug] Running task... Cancel: Signal, check cycles: false, forcegc: true
[info] compiling 1 Java source to C:\Users\Bass4Nation\Desktop\Github\test2\target\scala-2.13\classes ...
[info] done compiling
[debug] Forcing garbage collection...
[debug] Running task... Cancel: Signal, check cycles: false, forcegc: true
[debug] Exporting web-assets:play-java-starter-example
[debug] Running task... Cancel: Signal, check cycles: false, forcegc: true
[debug] Running task... Cancel: Signal, check cycles: false, forcegc: true
[info] compiling 1 Scala source to C:\Users\Bass4Nation\Desktop\Github\test2\target\scala-2.13\classes ...
[info] done compiling
[debug] Running task... Cancel: Signal, check cycles: false, forcegc: true
[debug] Exporting web-assets:play-java-starter-example
[debug] Running task... Cancel: Signal, check cycles: false, forcegc: true
[debug] Running task... Cancel: Signal, check cycles: false, forcegc: true
[info] compiling 1 Scala source to C:\Users\Bass4Nation\Desktop\Github\test2\target\scala-2.13\classes ...
[info] done compiling
[debug] Running task... Cancel: Signal, check cycles: false, forcegc: true
[debug] Exporting web-assets:play-java-starter-example
[debug] Running task... Cancel: Signal, check cycles: false, forcegc: true
[warn] Canceling execution...
[debug] Forcing garbage collection...
[error] Cancelled: run
[error] Cancelled: run
[error] Use 'last' for the full log.
[debug] > Exec(idea-shell, None, None)
